Unity Player [version: Unity 5.5.2f1_3829d7f588f3]

coinking.exe caused an Access Violation (0xc0000005)
  in module coinking.exe at 0023:016dc47f.

Error occurred at 2017-03-27_131854.
D:\Users\pieaf\Documents\CoinKings\coinking.exe, run by pieaf.
28% memory in use.
0 MB physical memory [0 MB free].
0 MB paging file [0 MB free].
0 MB user address space [3661 MB free].
Read from location 00000000 caused an access violation.

Context:
EDI:    0x00000000  ESI: 0x04252a00  EAX:   0x0007a000
EBX:    0x00000000  ECX: 0x04252a00  EDX:   0x013f1000
EIP:    0x016dc47f  EBP: 0x005dfa38  SegCs: 0x00000023
EFlags: 0x00210202  ESP: 0x005dfa2c  SegSs: 0x0000002b

Bytes at CS:EIP:
8b 07 8b 50 20 8b 1e 8b cf ff d2 50 8b 43 24 8b 

Stack:
0x005dfa2c: 005dfadc 00000000 00000000 005dfa78 ..].........x.].
0x005dfa3c: 015280d3 00000000 0000003d 00000000 ..R.....=.......
0x005dfa4c: 0535e000 005dfabc 042b4700 05ae2788 ..5...]..G+..'..
0x005dfa5c: 05ae27c8 05ae2848 00000000 0000000f .'..H(..........
0x005dfa6c: 00000000 00000042 00000000 005dfa9c ....B.........].
0x005dfa7c: 01528100 0535e000 00000001 01528cb7 ..R...5.......R.
0x005dfa8c: 005dfaa8 005dfaa8 005dfaa8 01528b13 ..]...]...]...R.
0x005dfa9c: 005dfafc 0152939b 005dfacc 00000000 ..]...R...].....
0x005dfaac: 05373e00 005dfabc 05373b90 05ae20a0 .>7...]..;7.. ..
0x005dfabc: 3e088889 3e30b0b1 3e58d8d9 3f800000 ...>..0>..X>...?
0x005dfacc: 00000000 00000000 44f00000 44870000 ...........D...D
0x005dfadc: 00000000 00000000 3f800000 3f800000 ...........?...?
0x005dfaec: 40000000 3c23d70b 3ffe1dec 3c710a0d ...@..#<...?..q<
0x005dfafc: 005dfbec 01529f9b 76762480 76756760 ..]...R..$vv`guv
0x005dfb0c: 00000004 05ae20a0 3f800000 00000000 ..... .....?....
0x005dfb1c: 00000000 00000000 00000000 3f800000 ...............?
0x005dfb2c: 00000000 00000000 00000000 00000000 ................
0x005dfb3c: 3f800000 00000000 00000000 00000000 ...?............
0x005dfb4c: 00000000 3f800000 3f800000 00000000 .......?...?....
0x005dfb5c: 00000000 00000000 00000000 3f800000 ...............?
0x005dfb6c: 00000000 00000000 00000000 00000000 ................
0x005dfb7c: 3f800000 00000000 00000000 00000000 ...?............
0x005dfb8c: 00000000 3f800000 3f800000 00000000 .......?...?....
0x005dfb9c: 00000000 00000000 00000000 3f800000 ...............?
0x005dfbac: 00000000 00000000 00000000 00000000 ................
0x005dfbbc: 3f800000 00000000 00000000 00000000 ...?............
0x005dfbcc: 00000000 3f800000 3e088889 3e30b0b1 .......?...>..0>
0x005dfbdc: 3e58d8d9 3f800000 7f6c412c 000000af ..X>...?,Al.....
0x005dfbec: 005dfc24 01c7c332 00000001 01c7c4c9 $.].2...........
0x005dfbfc: 00000000 00000001 0002071e 00000200 ................
0x005dfc0c: 00000000 02da03fd 0b3da6b6 000003fd ..........=.....
0x005dfc1c: 000002da 00000844 005dfd5c 01c7f009 ....D...\.].....
0x005dfc2c: 01d6539b 00000000 006d7000 0000000f .S.......pm.....
0x005dfc3c: ba0d0002 01d80da3 0000000f 7fffffff ................
0x005dfc4c: 01d80e9c 0000000f 00000003 00e71e80 ................
0x005dfc5c: 02616c80 005dfc18 01ce549e 01233030 .la...]..T..00#.
0x005dfc6c: 00000000 042472c0 01234480 4f971569 .....r$..D#.i..O
0x005dfc7c: 005dfcac 00000039 0000003f 00000000 ..].9...?.......
0x005dfc8c: 04247260 0000000f 0000000f 000003a4 `r$.............
0x005dfc9c: 0000003e 0000003f 00000000 04247500 >...?........u$.
0x005dfcac: 005dfcec 01d728af 005dfcdc 0000003f ..]..(....].?...
0x005dfcbc: 0000003f 00000000 04247620 02616c80 ?....... v$..la.
0x005dfccc: 0000000f 000003a4 00000030 0000003f ........0...?...
0x005dfcdc: 00000000 6f6e6f00 6e6f6d2f 6c642e6f .....ono/mono.dl
0x005dfcec: 0000006c 00000000 0000000f 00000000 l...............
0x005dfcfc: 04247320 04247358 04247358 00000000  s$.Xs$.Xs$.....
0x005dfd0c: 65726100 5748746e bb00444e 005dfd4c .arentHWND..L.].
0x005dfd1c: 00000000 0000000f 00000000 012344a0 .............D#.
0x005dfd2c: 65646900 646e6957 0000776f 01d5e730 .ideWindow..0...
0x005dfd3c: 00000000 0000000f 00000000 00000000 ................
0x005dfd4c: 012344a0 012344f0 00000000 006d7001 .D#..D#......pm.
0x005dfd5c: 005dfd74 01d285a8 013d0000 00000000 t.].......=.....
0x005dfd6c: 00a032d2 00000001 005dfe04 01d65348 .2........].HS..
0x005dfd7c: 013d0000 00000000 00a032d2 00000001 ..=......2......
0x005dfd8c: 4f971711 01d6539b 01d6539b 006d7000 ...O.S...S...pm.
0x005dfd9c: 00000044 00a01c52 00a01c32 00a01bd2 D...R...2.......
0x005dfdac: 00000000 00000000 00000000 00000000 ................
0x005dfdbc: 00000000 00000000 00000000 00000401 ................
0x005dfdcc: 00000001 00000000 00000000 00020099 ................
0x005dfddc: 00000000 c0000005 01d6539b 00000000 .........S......
0x005dfdec: 005dfd8c 005df45c 005dfe50 01d66da0 ..].\.].P.]..m..
0x005dfdfc: 4da28505 00000000 005dfe18 76fc62c4 ...M......]..b.v
0x005dfe0c: 006d7000 76fc62a0 bbe5ba87 005dfe60 .pm..b.v....`.].
0x005dfe1c: 77d90fd9 006d7000 bb07f50c 00000000 ...w.pm.........
0x005dfe2c: 00000000 006d7000 c0000005 00000000 .....pm.........
0x005dfe3c: 005df43c 76b1d2e0 bb07f50c 005dfe24 <.]....v....$.].
0x005dfe4c: 005df43c 005dfe68 77da67b0 ccb88c7c <.].h.]..g.w|...
0x005dfe5c: 00000000 005dfe70 77d90fa4 ffffffff ....p.]....w....
0x005dfe6c: 77db2ef2 00000000 00000000 01d6539b ...w.........S..
0x005dfe7c: 006d7000 00000000 00000000 00000000 .pm.............
0x005dfe8c: 00000000 00000000 00000000 00000000 ................
0x005dfe9c: 00000000 00000000 00000000 00000000 ................
0x005dfeac: 00000000 00000000 00000000 00000000 ................
0x005dfebc: 00000000 00000000 00000000 00000000 ................
0x005dfecc: 00000000 00000000 00000000 00000000 ................
0x005dfedc: 00000000 00000000 00000000 00000000 ................
0x005dfeec: 00000000 00000000 00000000 00000000 ................
0x005dfefc: 00000000 00000000 00000000 00000000 ................
0x005dff0c: 00000000 00000000 00000000 00000000 ................
0x005dff1c: 00000000 00000000 00000000 00000000 ................
0x005dff2c: 00000000 00000000 00000000 00000000 ................
0x005dff3c: 00000000 00000000 00000000 00000000 ................
0x005dff4c: 00000000 00000000 00000000 00000000 ................
0x005dff5c: 00000000 00000000 00000000 00000000 ................
0x005dff6c: 00000000 00000000 00000000 00000000 ................
0x005dff7c: 00000000 00000000 00000000 00000000 ................
0x005dff8c: 00000000 00000000 00000000 00000000 ................
0x005dff9c: 00000000 00000000 00000000 00000000 ................
0x005dffac: 00000000 00000000 00000000 00000000 ................
0x005dffbc: 00000000 00000000 00000000 00000000 ................
0x005dffcc: 00000000 00000000 00000000 00000000 ................
0x005dffdc: 00000000 00000000 00000000 00000000 ................
0x005dffec: 00000000 00000000 00000000 00000000 ................
0x005dfffc: 00000000                            ....

Module 1
C:\WINDOWS\SYSTEM32\xinput1_3.dll
Image Base: 0x00400000  Image Size: 0x00016000
File Size:  81768       File Time:  2007-04-04_185342
Version:
   Company:    Microsoft Corporation
   Product:    MicrosoftR DirectX for WindowsR
   FileDesc:   Microsoft Common Controller API
   FileVer:    9.18.944.0
   ProdVer:    9.18.944.0

Module 2
D:\Users\pieaf\Documents\CoinKings\coinking.exe
Image Base: 0x013d0000  Image Size: 0x01544000
File Size:  21348352    File Time:  2017-02-22_200304
Version:
   Company:    
   Product:    
   FileDesc:   
   FileVer:    5.5.2.10711
   ProdVer:    5.5.2.10711

Module 3
D:\Users\pieaf\Documents\CoinKings\coinking_Data\Mono\mono.dll
Image Base: 0x10000000  Image Size: 0x00231000
File Size:  2115008     File Time:  2017-02-22_203522
Version:
   Company:    Unity Technologies
   Product:    libmono
   FileDesc:   Unity Technologies fork of mono runtime
   FileVer:    1.0.0.1
   ProdVer:    1.0.0.1

Module 4
C:\WINDOWS\SYSTEM32\DDRAW.dll
Image Base: 0x55590000  Image Size: 0x000ed000
File Size:  548352      File Time:  2017-03-04_151812
Version:
   Company:    Microsoft Corporation
   Product:    MicrosoftR WindowsR Operating System
   FileDesc:   Microsoft DirectDraw
   FileVer:    10.0.14393.953
   ProdVer:    10.0.14393.953

Module 5
C:\WINDOWS\SYSTEM32\GLU32.dll
Image Base: 0x55910000  Image Size: 0x00025000
File Size:  141312      File Time:  2016-07-16_204306
Version:
   Company:    Microsoft Corporation
   Product:    MicrosoftR WindowsR Operating System
   FileDesc:   OpenGL ユーティリティ ライブラリ DLL
   FileVer:    10.0.14393.0
   ProdVer:    10.0.14393.0

Module 6
C:\WINDOWS\SYSTEM32\OPENGL32.dll
Image Base: 0x56360000  Image Size: 0x000e0000
File Size:  786944      File Time:  2016-07-16_204306
Version:
   Company:    Microsoft Corporation
   Product:    MicrosoftR WindowsR Operating System
   FileDesc:   OpenGL Client DLL
   FileVer:    10.0.14393.0
   ProdVer:    10.0.14393.0

Module 7
C:\WINDOWS\SYSTEM32\midimap.dll
Image Base: 0x59b50000  Image Size: 0x00008000
File Size:  18944       File Time:  2016-07-16_204250
Version:
   Company:    Microsoft Corporation
   Product:    MicrosoftR WindowsR Operating System
   FileDesc:   Microsoft MIDI Mapper
   FileVer:    10.0.14393.0
   ProdVer:    10.0.14393.0

Module 8
C:\WINDOWS\SYSTEM32\msacm32.drv
Image Base: 0x59df0000  Image Size: 0x0000a000
File Size:  24576       File Time:  2016-07-16_204250
Version:
   Company:    Microsoft Corporation
   Product:    MicrosoftR WindowsR Operating System
   FileDesc:   Microsoft サウンド マッパー
   FileVer:    10.0.14393.0
   ProdVer:    10.0.14393.0

Module 9
C:\WINDOWS\SYSTEM32\DCIMAN32.dll
Image Base: 0x5a5b0000  Image Size: 0x00007000
File Size:  11776       File Time:  2016-07-16_204250
Version:
   Company:    Microsoft Corporation
   Product:    MicrosoftR WindowsR Operating System
   FileDesc:   DCI Manager
   FileVer:    10.0.14393.0
   ProdVer:    10.0.14393.0

Module 10
C:\WINDOWS\SYSTEM32\wdmaud.drv
Image Base: 0x5aa30000  Image Size: 0x00039000
File Size:  207360      File Time:  2016-07-16_204250
Version:
   Company:    Microsoft Corporation
   Product:    MicrosoftR WindowsR Operating System
   FileDesc:   Winmm オーディオ システム ドライバー
   FileVer:    10.0.14393.0
   ProdVer:    10.0.14393.0

Module 11
C:\WINDOWS\system32\wbem\fastprox.dll
Image Base: 0x64210000  Image Size: 0x000c2000
File Size:  779776      File Time:  2016-07-16_204258
Version:
   Company:    Microsoft Corporation
   Product:    MicrosoftR WindowsR Operating System
   FileDesc:   WMI Custom Marshaller
   FileVer:    10.0.14393.0
   ProdVer:    10.0.14393.0

Module 12
C:\Windows\System32\IME\shared\imecfm.dll
Image Base: 0x644b0000  Image Size: 0x00029000
File Size:  147968      File Time:  2016-12-29_161638
Version:
   Company:    Microsoft Corporation
   Product:    MicrosoftR WindowsR Operating System
   FileDesc:   Microsoft IME
   FileVer:    10.0.14393.447
   ProdVer:    10.0.14393.447

Module 13
C:\WINDOWS\SYSTEM32\DUI70.dll
Image Base: 0x644e0000  Image Size: 0x00168000
File Size:  1453568     File Time:  2016-07-16_204306
Version:
   Company:    Microsoft Corporation
   Product:    MicrosoftR WindowsR Operating System
   FileDesc:   Windows DirectUI エンジン
   FileVer:    10.0.14393.0
   ProdVer:    10.0.14393.0

Module 14
C:\Windows\System32\IME\shared\imetip.dll
Image Base: 0x64650000  Image Size: 0x00114000
File Size:  1114112     File Time:  2017-03-04_150058
Version:
   Company:    Microsoft Corporation
   Product:    MicrosoftR WindowsR Operating System
   FileDesc:   Microsoft IME
   FileVer:    10.0.14393.953
   ProdVer:    10.0.14393.953

Module 15
C:\WINDOWS\SYSTEM32\ksuser.dll
Image Base: 0x64770000  Image Size: 0x00007000
File Size:  20672       File Time:  2016-07-16_204250
Version:
   Company:    Microsoft Corporation
   Product:    MicrosoftR WindowsR Operating System
   FileDesc:   User CSA Library
   FileVer:    10.0.14393.0
   ProdVer:    10.0.14393.0

Module 16
C:\Windows\System32\IME\IMEJP\imjppred.dll
Image Base: 0x64930000  Image Size: 0x000ad000
File Size:  690688      File Time:  2017-03-04_151240
Version:
   Company:    Microsoft Corporation
   Product:    MicrosoftR WindowsR Operating System
   FileDesc:   Microsoft IME
   FileVer:    10.0.14393.953
   ProdVer:    10.0.14393.953

Module 17
C:\WINDOWS\SYSTEM32\msvcp110_win.dll
Image Base: 0x649e0000  Image Size: 0x00067000
File Size:  415256      File Time:  2016-07-16_204256
Version:
   Company:    Microsoft Corporation
   Product:    MicrosoftR WindowsR Operating System
   FileDesc:   MicrosoftR STL110 C++ Runtime Library
   FileVer:    10.0.14393.0
   ProdVer:    10.0.14393.0

Module 18
C:\Windows\System32\IME\IMEJP\imjpapi.dll
Image Base: 0x64a50000  Image Size: 0x001c5000
File Size:  1753088     File Time:  2016-12-29_161654
Version:
   Company:    Microsoft Corporation
   Product:    MicrosoftR WindowsR Operating System
   FileDesc:   Microsoft IME
   FileVer:    10.0.14393.447
   ProdVer:    10.0.14393.447

Module 19
C:\Windows\System32\IME\IMEJP\imjptip.dll
Image Base: 0x64c20000  Image Size: 0x00297000
File Size:  2641408     File Time:  2017-03-04_150042
Version:
   Company:    Microsoft Corporation
   Product:    MicrosoftR WindowsR Operating System
   FileDesc:   Microsoft IME
   FileVer:    10.0.14393.953
   ProdVer:    10.0.14393.953

Module 20
C:\WINDOWS\SYSTEM32\policymanager.dll
Image Base: 0x653b0000  Image Size: 0x0003f000
File Size:  248992      File Time:  2017-03-04_155604
Version:
   Company:    Microsoft Corporation
   Product:    MicrosoftR WindowsR Operating System
   FileDesc:   Policy Manager DLL
   FileVer:    10.0.14393.953
   ProdVer:    10.0.14393.953

Module 21
C:\Windows\System32\IME\shared\imjkapi.dll
Image Base: 0x65460000  Image Size: 0x0002f000
File Size:  178688      File Time:  2016-12-29_161638
Version:
   Company:    Microsoft Corporation
   Product:    MicrosoftR WindowsR Operating System
   FileDesc:   Microsoft IME
   FileVer:    10.0.14393.447
   ProdVer:    10.0.14393.447

Module 22
C:\WINDOWS\SYSTEM32\wbemcomn.dll
Image Base: 0x65490000  Image Size: 0x00067000
File Size:  391168      File Time:  2016-07-16_204258
Version:
   Company:    Microsoft Corporation
   Product:    MicrosoftR WindowsR Operating System
   FileDesc:   WMI
   FileVer:    10.0.14393.0
   ProdVer:    10.0.14393.0

Module 23
C:\WINDOWS\system32\wbem\wbemsvc.dll
Image Base: 0x66d10000  Image Size: 0x00010000
File Size:  48640       File Time:  2016-07-16_204258
Version:
   Company:    Microsoft Corporation
   Product:    MicrosoftR WindowsR Operating System
   FileDesc:   WMI
   FileVer:    10.0.14393.0
   ProdVer:    10.0.14393.0

Module 24
C:\Windows\System32\IME\SHARED\imesearchdll.dll
Image Base: 0x66f30000  Image Size: 0x0001a000
File Size:  97280       File Time:  2016-12-29_161638
Version:
   Company:    Microsoft Corporation
   Product:    MicrosoftR WindowsR Operating System
   FileDesc:   IME search module
   FileVer:    10.0.14393.447
   ProdVer:    10.0.14393.447

Module 25
C:\WINDOWS\system32\wbem\wbemprox.dll
Image Base: 0x66f70000  Image Size: 0x0000d000
File Size:  35328       File Time:  2016-07-16_204258
Version:
   Company:    Microsoft Corporation
   Product:    MicrosoftR WindowsR Operating System
   FileDesc:   WMI
   FileVer:    10.0.14393.0
   ProdVer:    10.0.14393.0

Module 26
C:\WINDOWS\SYSTEM32\HID.DLL
Image Base: 0x677a0000  Image Size: 0x0000a000
File Size:  25600       File Time:  2016-07-16_204250
Version:
   Company:    Microsoft Corporation
   Product:    MicrosoftR WindowsR Operating System
   FileDesc:   HID ユーザー ライブラリ
   FileVer:    10.0.14393.0
   ProdVer:    10.0.14393.0

Module 27
C:\WINDOWS\System32\DriverStore\FileRepository\c0309377.inf_amd64_7ab08912e1e1da0a\atidxx32.dll
Image Base: 0x6a860000  Image Size: 0x008a4000
File Size:  9270872     File Time:  2017-01-25_012804
Version:
   Company:    Advanced Micro Devices, Inc. 
   Product:    Advanced Micro Devices, Inc. Radeon DirectX 11 Driver
   FileDesc:   atidxx32.dll
   FileVer:    21.19.137.514
   ProdVer:    8.17.10.690

Module 28
C:\WINDOWS\SYSTEM32\MSACM32.dll
Image Base: 0x6d9a0000  Image Size: 0x00018000
File Size:  90912       File Time:  2016-07-16_204250
Version:
   Company:    Microsoft Corporation
   Product:    MicrosoftR WindowsR Operating System
   FileDesc:   Microsoft ACM オーディオ フィルター
   FileVer:    10.0.14393.0
   ProdVer:    10.0.14393.0

Module 29
C:\WINDOWS\System32\DriverStore\FileRepository\c0309377.inf_amd64_7ab08912e1e1da0a\aticfx32.dll
Image Base: 0x6da50000  Image Size: 0x00138000
File Size:  1312784     File Time:  2017-01-25_012802
Version:
   Company:    Advanced Micro Devices, Inc. 
   Product:    AMD Inc. Radeon DirectX 11 Driver
   FileDesc:   aticfx32.dll
   FileVer:    21.19.137.514
   ProdVer:    8.17.10.1484

Module 30
C:\WINDOWS\SYSTEM32\dxgi.dll
Image Base: 0x6e4b0000  Image Size: 0x00083000
File Size:  524776      File Time:  2017-03-04_155404
Version:
   Company:    Microsoft Corporation
   Product:    MicrosoftR WindowsR Operating System
   FileDesc:   DirectX Graphics Infrastructure
   FileVer:    10.0.14393.953
   ProdVer:    10.0.14393.953

Module 31
C:\WINDOWS\SYSTEM32\d3d11.dll
Image Base: 0x6e540000  Image Size: 0x00230000
File Size:  2277288     File Time:  2017-03-04_155414
Version:
   Company:    Microsoft Corporation
   Product:    MicrosoftR WindowsR Operating System
   FileDesc:   Direct3D 11 Runtime
   FileVer:    10.0.14393.953
   ProdVer:    10.0.14393.953

Module 32
C:\Windows\System32\rasadhlp.dll
Image Base: 0x70410000  Image Size: 0x00008000
File Size:  13312       File Time:  2016-07-16_204302
Version:
   Company:    Microsoft Corporation
   Product:    MicrosoftR WindowsR Operating System
   FileDesc:   Remote Access AutoDial Helper
   FileVer:    10.0.14393.0
   ProdVer:    10.0.14393.0

Module 33
C:\WINDOWS\System32\DriverStore\FileRepository\c0309377.inf_amd64_7ab08912e1e1da0a\atiuxpag.dll
Image Base: 0x70420000  Image Size: 0x00025000
File Size:  160592      File Time:  2017-01-25_012804
Version:
   Company:    Advanced Micro Devices, Inc. 
   Product:    Advanced Micro Devices, Inc PowerXpress Vista DX10 User Mode Driver
   FileDesc:   atiuxpag.dll
   FileVer:    21.19.137.514
   ProdVer:    8.14.1.6525

Module 34
C:\WINDOWS\SYSTEM32\DNSAPI.dll
Image Base: 0x70450000  Image Size: 0x0007d000
File Size:  497416      File Time:  2017-03-04_160934
Version:
   Company:    Microsoft Corporation
   Product:    MicrosoftR WindowsR Operating System
   FileDesc:   DNS クライアント API DLL
   FileVer:    10.0.14393.953
   ProdVer:    10.0.14393.953

Module 35
C:\WINDOWS\System32\MMDevApi.dll
Image Base: 0x704f0000  Image Size: 0x00058000
File Size:  352760      File Time:  2017-03-04_154734
Version:
   Company:    Microsoft Corporation
   Product:    MicrosoftR WindowsR Operating System
   FileDesc:   MMDevice API
   FileVer:    10.0.14393.953
   ProdVer:    10.0.14393.953

Module 36
C:\WINDOWS\SYSTEM32\dhcpcsvc.DLL
Image Base: 0x70550000  Image Size: 0x00014000
File Size:  63488       File Time:  2016-07-16_204256
Version:
   Company:    Microsoft Corporation
   Product:    MicrosoftR WindowsR Operating System
   FileDesc:   DHCP クライアント サービス
   FileVer:    10.0.14393.0
   ProdVer:    10.0.14393.0

Module 37
C:\WINDOWS\SYSTEM32\dhcpcsvc6.DLL
Image Base: 0x70570000  Image Size: 0x00013000
File Size:  57344       File Time:  2016-07-16_204256
Version:
   Company:    Microsoft Corporation
   Product:    MicrosoftR WindowsR Operating System
   FileDesc:   DHCPv6 クライアント
   FileVer:    10.0.14393.0
   ProdVer:    10.0.14393.0

Module 38
C:\WINDOWS\SYSTEM32\MSWSOCK.dll
Image Base: 0x705a0000  Image Size: 0x0004e000
File Size:  306016      File Time:  2016-07-16_204256
Version:
   Company:    Microsoft Corporation
   Product:    MicrosoftR WindowsR Operating System
   FileDesc:   Microsoft Windows Sockets 2.0 サービス プロバイダー
   FileVer:    10.0.14393.0
   ProdVer:    10.0.14393.0

Module 39
C:\WINDOWS\SYSTEM32\AVRT.dll
Image Base: 0x705f0000  Image Size: 0x00009000
File Size:  29448       File Time:  2016-07-16_204250
Version:
   Company:    Microsoft Corporation
   Product:    MicrosoftR WindowsR Operating System
   FileDesc:   Multimedia Realtime Runtime
   FileVer:    10.0.14393.0
   ProdVer:    10.0.14393.0

Module 40
C:\WINDOWS\SYSTEM32\wintypes.dll
Image Base: 0x70630000  Image Size: 0x000cf000
File Size:  846560      File Time:  2017-03-04_155046
Version:
   Company:    Microsoft Corporation
   Product:    MicrosoftR WindowsR Operating System
   FileDesc:   Windows ベース タイプ DLL
   FileVer:    10.0.14393.953
   ProdVer:    10.0.14393.953

Module 41
C:\WINDOWS\SYSTEM32\AUDIOSES.DLL
Image Base: 0x70a90000  Image Size: 0x0007b000
File Size:  484584      File Time:  2017-03-04_165742
Version:
   Company:    Microsoft Corporation
   Product:    MicrosoftR WindowsR Operating System
   FileDesc:   オーディオ セッション
   FileVer:    10.0.14393.953
   ProdVer:    10.0.14393.953

Module 42
C:\WINDOWS\system32\rsaenh.dll
Image Base: 0x70d00000  Image Size: 0x0002f000
File Size:  184416      File Time:  2016-07-16_204256
Version:
   Company:    Microsoft Corporation
   Product:    MicrosoftR WindowsR Operating System
   FileDesc:   Microsoft Enhanced Cryptographic Provider
   FileVer:    10.0.14393.0
   ProdVer:    10.0.14393.0

Module 43
C:\WINDOWS\SYSTEM32\CRYPTSP.dll
Image Base: 0x70d30000  Image Size: 0x00013000
File Size:  68720       File Time:  2016-07-16_204256
Version:
   Company:    Microsoft Corporation
   Product:    MicrosoftR WindowsR Operating System
   FileDesc:   Cryptographic Service Provider API
   FileVer:    10.0.14393.0
   ProdVer:    10.0.14393.0

Module 44
C:\WINDOWS\System32\DEVOBJ.dll
Image Base: 0x70d70000  Image Size: 0x00022000
File Size:  132232      File Time:  2016-07-16_204256
Version:
   Company:    Microsoft Corporation
   Product:    MicrosoftR WindowsR Operating System
   FileDesc:   Device Information Set DLL
   FileVer:    10.0.14393.0
   ProdVer:    10.0.14393.0

Module 45
C:\WINDOWS\system32\NLAapi.dll
Image Base: 0x70da0000  Image Size: 0x00014000
File Size:  65024       File Time:  2016-07-16_204354
Version:
   Company:    Microsoft Corporation
   Product:    MicrosoftR WindowsR Operating System
   FileDesc:   Network Location Awareness 2
   FileVer:    10.0.14393.0
   ProdVer:    10.0.14393.0

Module 46
C:\WINDOWS\system32\pnrpnsp.dll
Image Base: 0x70dc0000  Image Size: 0x00016000
File Size:  70656       File Time:  2016-07-16_204402
Version:
   Company:    Microsoft Corporation
   Product:    MicrosoftR WindowsR Operating System
   FileDesc:   PNRP 名前空間プロバイダー
   FileVer:    10.0.14393.0
   ProdVer:    10.0.14393.0

Module 47
C:\WINDOWS\system32\napinsp.dll
Image Base: 0x70de0000  Image Size: 0x00012000
File Size:  55808       File Time:  2016-07-16_204302
Version:
   Company:    Microsoft Corporation
   Product:    MicrosoftR WindowsR Operating System
   FileDesc:   電子メール ネーミング Shim プロバイダー
   FileVer:    10.0.14393.0
   ProdVer:    10.0.14393.0

Module 48
C:\WINDOWS\SYSTEM32\NTASN1.dll
Image Base: 0x70e90000  Image Size: 0x0002b000
File Size:  173008      File Time:  2016-07-16_204256
Version:
   Company:    Microsoft Corporation
   Product:    MicrosoftR WindowsR Operating System
   FileDesc:   Microsoft ASN.1 API
   FileVer:    10.0.14393.0
   ProdVer:    10.0.14393.0

Module 49
C:\WINDOWS\System32\winrnr.dll
Image Base: 0x70ec0000  Image Size: 0x0000c000
File Size:  24064       File Time:  2016-07-16_204248
Version:
   Company:    Microsoft Corporation
   Product:    MicrosoftR WindowsR Operating System
   FileDesc:   LDAP RnR Provider DLL
   FileVer:    10.0.14393.0
   ProdVer:    10.0.14393.0

Module 50
C:\WINDOWS\SYSTEM32\ncrypt.dll
Image Base: 0x70f20000  Image Size: 0x00020000
File Size:  120384      File Time:  2016-07-16_204256
Version:
   Company:    Microsoft Corporation
   Product:    MicrosoftR WindowsR Operating System
   FileDesc:   Windows NCrypt ルーター
   FileVer:    10.0.14393.0
   ProdVer:    10.0.14393.0

Module 51
C:\Program Files (x86)\Bonjour\mdnsNSP.dll
Image Base: 0x70f70000  Image Size: 0x00021000
File Size:  122128      File Time:  2015-08-12_160338
Version:
   Company:    Apple Inc.
   Product:    Bonjour
   FileDesc:   Bonjour Namespace Provider
   FileVer:    3.1.0.1
   ProdVer:    3.1.0.1

Module 52
C:\WINDOWS\SYSTEM32\wer.dll
Image Base: 0x72400000  Image Size: 0x0008f000
File Size:  576408      File Time:  2017-03-04_155140
Version:
   Company:    Microsoft Corporation
   Product:    MicrosoftR WindowsR Operating System
   FileDesc:   Windows エラー報告 DLL
   FileVer:    10.0.14393.953
   ProdVer:    10.0.14393.953

Module 53
C:\WINDOWS\system32\dwmapi.dll
Image Base: 0x72600000  Image Size: 0x0001f000
File Size:  113504      File Time:  2016-12-29_160822
Version:
   Company:    Microsoft Corporation
   Product:    MicrosoftR WindowsR Operating System
   FileDesc:   Microsoft デスクトップ ウィンドウ マネージャー API
   FileVer:    10.0.14393.206
   ProdVer:    10.0.14393.206

Module 54
C:\WINDOWS\SYSTEM32\WINMMBASE.dll
Image Base: 0x73010000  Image Size: 0x00023000
File Size:  131208      File Time:  2016-07-16_204250
Version:
   Company:    Microsoft Corporation
   Product:    MicrosoftR WindowsR Operating System
   FileDesc:   Base Multimedia Extension API DLL
   FileVer:    10.0.14393.0
   ProdVer:    10.0.14393.0

Module 55
C:\WINDOWS\SYSTEM32\iertutil.dll
Image Base: 0x73040000  Image Size: 0x00229000
File Size:  2256080     File Time:  2017-03-04_155306
Version:
   Company:    Microsoft Corporation
   Product:    Internet Explorer
   FileDesc:   Internet Explorer 用ランタイム ユーティリティ
   FileVer:    11.0.14393.953
   ProdVer:    11.0.14393.953

Module 56
C:\WINDOWS\SYSTEM32\OLEACC.dll
Image Base: 0x73270000  Image Size: 0x00054000
File Size:  325120      File Time:  2017-03-04_152022
Version:
   Company:    Microsoft Corporation
   Product:    MicrosoftR WindowsR Operating System
   FileDesc:   Active Accessibility Core Component
   FileVer:    7.2.14393.953
   ProdVer:    10.0.14393.953

Module 57
C:\WINDOWS\SYSTEM32\dbghelp.dll
Image Base: 0x738f0000  Image Size: 0x00145000
File Size:  1220608     File Time:  2016-07-16_204258
Version:
   Company:    Microsoft
   Product:    MicrosoftR WindowsR Operating System
   FileDesc:   Windows Image Helper
   FileVer:    10.0.14321.1024
   ProdVer:    10.0.14321.1024

Module 58
C:\WINDOWS\SYSTEM32\ntmarta.dll
Image Base: 0x73a40000  Image Size: 0x00028000
File Size:  154432      File Time:  2016-07-16_204256
Version:
   Company:    Microsoft Corporation
   Product:    MicrosoftR WindowsR Operating System
   FileDesc:   Windows NT MARTA プロバイダー
   FileVer:    10.0.14393.0
   ProdVer:    10.0.14393.0

Module 59
C:\WINDOWS\SYSTEM32\WINMM.dll
Image Base: 0x73aa0000  Image Size: 0x00024000
File Size:  135376      File Time:  2016-07-16_204250
Version:
   Company:    Microsoft Corporation
   Product:    MicrosoftR WindowsR Operating System
   FileDesc:   MCI API DLL
   FileVer:    10.0.14393.0
   ProdVer:    10.0.14393.0

Module 60
C:\WINDOWS\system32\uxtheme.dll
Image Base: 0x73b70000  Image Size: 0x00075000
File Size:  457728      File Time:  2016-07-16_204306
Version:
   Company:    Microsoft Corporation
   Product:    MicrosoftR WindowsR Operating System
   FileDesc:   Microsoft UxTheme ライブラリ
   FileVer:    10.0.14393.0
   ProdVer:    10.0.14393.0

Module 61
C:\WINDOWS\System32\PROPSYS.dll
Image Base: 0x73bf0000  Image Size: 0x0014f000
File Size:  1375456     File Time:  2016-07-16_204256
Version:
   Company:    Microsoft Corporation
   Product:    WindowsR Search
   FileDesc:   Microsoft プロパティ システム
   FileVer:    7.0.14393.0
   ProdVer:    7.0.14393.0

Module 62
C:\WINDOWS\WinSxS\x86_microsoft.windows.common-controls_6595b64144ccf1df_6.0.14393.953_none_89c2555adb023171\comctl32.dll
Image Base: 0x73d90000  Image Size: 0x0020a000
File Size:  2121568     File Time:  2017-03-04_154648
Version:
   Company:    Microsoft Corporation
   Product:    MicrosoftR WindowsR Operating System
   FileDesc:   ユーザー エクスペリエンス コントロール ライブラリ
   FileVer:    6.10.14393.953
   ProdVer:    10.0.14393.953

Module 63
C:\WINDOWS\SYSTEM32\bcrypt.dll
Image Base: 0x74150000  Image Size: 0x0001b000
File Size:  106896      File Time:  2016-12-29_161638
Version:
   Company:    Microsoft Corporation
   Product:    MicrosoftR WindowsR Operating System
   FileDesc:   Windows 暗号化プリミティブ ライブラリ
   FileVer:    10.0.14393.576
   ProdVer:    10.0.14393.576

Module 64
C:\WINDOWS\SYSTEM32\WINHTTP.dll
Image Base: 0x74180000  Image Size: 0x000a0000
File Size:  636928      File Time:  2017-03-04_151630
Version:
   Company:    Microsoft Corporation
   Product:    MicrosoftR WindowsR Operating System
   FileDesc:   Windows HTTP サービス
   FileVer:    10.0.14393.953
   ProdVer:    10.0.14393.953

Module 65
C:\WINDOWS\SYSTEM32\IPHLPAPI.DLL
Image Base: 0x74220000  Image Size: 0x0002f000
File Size:  184416      File Time:  2017-03-04_160254
Version:
   Company:    Microsoft Corporation
   Product:    MicrosoftR WindowsR Operating System
   FileDesc:   IP ヘルパー API
   FileVer:    10.0.14393.953
   ProdVer:    10.0.14393.953

Module 66
C:\WINDOWS\SYSTEM32\VERSION.dll
Image Base: 0x746c0000  Image Size: 0x00008000
File Size:  27360       File Time:  2016-07-16_204306
Version:
   Company:    Microsoft Corporation
   Product:    MicrosoftR WindowsR Operating System
   FileDesc:   Version Checking and File Installation Libraries
   FileVer:    10.0.14393.0
   ProdVer:    10.0.14393.0

Module 67
C:\WINDOWS\System32\CRYPTBASE.dll
Image Base: 0x746f0000  Image Size: 0x0000a000
File Size:  31528       File Time:  2016-07-16_204250
Version:
   Company:    Microsoft Corporation
   Product:    MicrosoftR WindowsR Operating System
   FileDesc:   Base cryptographic API DLL
   FileVer:    10.0.14393.0
   ProdVer:    10.0.14393.0

Module 68
C:\WINDOWS\System32\SspiCli.dll
Image Base: 0x74700000  Image Size: 0x0001e000
File Size:  117240      File Time:  2016-12-29_161658
Version:
   Company:    Microsoft Corporation
   Product:    MicrosoftR WindowsR Operating System
   FileDesc:   Security Support Provider Interface
   FileVer:    10.0.14393.576
   ProdVer:    10.0.14393.576

Module 69
C:\WINDOWS\System32\windows.storage.dll
Image Base: 0x74720000  Image Size: 0x0056e000
File Size:  5722320     File Time:  2017-03-04_155320
Version:
   Company:    Microsoft Corporation
   Product:    MicrosoftR WindowsR Operating System
   FileDesc:   Microsoft WinRT ストレージ API
   FileVer:    10.0.14393.953
   ProdVer:    10.0.14393.953

Module 70
C:\WINDOWS\System32\CRYPT32.dll
Image Base: 0x74c90000  Image Size: 0x0017d000
File Size:  1556712     File Time:  2016-12-29_161638
Version:
   Company:    Microsoft Corporation
   Product:    MicrosoftR WindowsR Operating System
   FileDesc:   Crypto API32
   FileVer:    10.0.14393.351
   ProdVer:    10.0.14393.351

Module 71
C:\WINDOWS\System32\combase.dll
Image Base: 0x74e10000  Image Size: 0x00211000
File Size:  2166752     File Time:  2016-12-29_161638
Version:
   Company:    Microsoft Corporation
   Product:    MicrosoftR WindowsR Operating System
   FileDesc:   Windows 用 Microsoft COM
   FileVer:    10.0.14393.576
   ProdVer:    10.0.14393.576

Module 72
C:\WINDOWS\System32\IMM32.dll
Image Base: 0x75030000  Image Size: 0x00025000
File Size:  144632      File Time:  2016-07-16_204250
Version:
   Company:    Microsoft Corporation
   Product:    MicrosoftR WindowsR Operating System
   FileDesc:   Multi-User Windows IMM32 API Client DLL
   FileVer:    10.0.14393.0
   ProdVer:    10.0.14393.0

Module 73
C:\WINDOWS\System32\SHELL32.dll
Image Base: 0x75150000  Image Size: 0x013d9000
File Size:  20969928    File Time:  2017-03-04_154726
Version:
   Company:    Microsoft Corporation
   Product:    MicrosoftR WindowsR Operating System
   FileDesc:   Windows シェル共通 DLL
   FileVer:    10.0.14393.953
   ProdVer:    10.0.14393.953

Module 74
C:\WINDOWS\System32\SHLWAPI.dll
Image Base: 0x76530000  Image Size: 0x00046000
File Size:  284056      File Time:  2016-07-16_204304
Version:
   Company:    Microsoft Corporation
   Product:    MicrosoftR WindowsR Operating System
   FileDesc:   シェル ライトウェイト ユーティリティ ライブラリ
   FileVer:    10.0.14393.0
   ProdVer:    10.0.14393.0

Module 75
C:\WINDOWS\System32\ucrtbase.dll
Image Base: 0x76580000  Image Size: 0x000e0000
File Size:  918304      File Time:  2016-07-16_204256
Version:
   Company:    Microsoft Corporation
   Product:    MicrosoftR WindowsR Operating System
   FileDesc:   MicrosoftR C Runtime Library
   FileVer:    10.0.14393.0
   ProdVer:    10.0.14393.0

Module 76
C:\WINDOWS\System32\MSASN1.dll
Image Base: 0x76660000  Image Size: 0x0000e000
File Size:  49080       File Time:  2016-07-16_204256
Version:
   Company:    Microsoft Corporation
   Product:    MicrosoftR WindowsR Operating System
   FileDesc:   ASN.1 Runtime APIs
   FileVer:    10.0.14393.0
   ProdVer:    10.0.14393.0

Module 77
C:\WINDOWS\System32\RPCRT4.dll
Image Base: 0x76670000  Image Size: 0x000c1000
File Size:  790760      File Time:  2016-12-29_160840
Version:
   Company:    Microsoft Corporation
   Product:    MicrosoftR WindowsR Operating System
   FileDesc:   リモート プロシージャ コール ランタイム
   FileVer:    10.0.14393.82
   ProdVer:    10.0.14393.82

Module 78
C:\WINDOWS\System32\USER32.dll
Image Base: 0x76740000  Image Size: 0x0015f000
File Size:  1435896     File Time:  2016-12-29_161642
Version:
   Company:    Microsoft Corporation
   Product:    MicrosoftR WindowsR Operating System
   FileDesc:   マルチユーザー Windows ユーザー API クライアント DLL
   FileVer:    10.0.14393.576
   ProdVer:    10.0.14393.576

Module 79
C:\WINDOWS\System32\ADVAPI32.dll
Image Base: 0x768a0000  Image Size: 0x00077000
File Size:  482392      File Time:  2016-07-16_204250
Version:
   Company:    Microsoft Corporation
   Product:    MicrosoftR WindowsR Operating System
   FileDesc:   Advanced Windows 32 ベース API
   FileVer:    10.0.14393.0
   ProdVer:    10.0.14393.0

Module 80
C:\WINDOWS\System32\NSI.dll
Image Base: 0x76920000  Image Size: 0x00007000
File Size:  20152       File Time:  2016-07-16_204228
Version:
   Company:    Microsoft Corporation
   Product:    MicrosoftR WindowsR Operating System
   FileDesc:   NSI User-mode interface DLL
   FileVer:    10.0.14393.0
   ProdVer:    10.0.14393.0

Module 81
C:\WINDOWS\System32\cfgmgr32.dll
Image Base: 0x76980000  Image Size: 0x00036000
File Size:  213848      File Time:  2016-07-16_204256
Version:
   Company:    Microsoft Corporation
   Product:    MicrosoftR WindowsR Operating System
   FileDesc:   Configuration Manager DLL
   FileVer:    10.0.14393.0
   ProdVer:    10.0.14393.0

Module 82
C:\WINDOWS\System32\KERNELBASE.dll
Image Base: 0x769c0000  Image Size: 0x001a1000
File Size:  1706488     File Time:  2017-03-04_160638
Version:
   Company:    Microsoft Corporation
   Product:    MicrosoftR WindowsR Operating System
   FileDesc:   Windows NT ベース API クライアント DLL
   FileVer:    10.0.14393.953
   ProdVer:    10.0.14393.953

Module 83
C:\WINDOWS\System32\gdi32full.dll
Image Base: 0x76b70000  Image Size: 0x0015b000
File Size:  1415240     File Time:  2017-03-04_154240
Version:
   Company:    Microsoft Corporation
   Product:    MicrosoftR WindowsR Operating System
   FileDesc:   GDI Client DLL
   FileVer:    10.0.14393.953
   ProdVer:    10.0.14393.953

Module 84
C:\WINDOWS\System32\sechost.dll
Image Base: 0x76d30000  Image Size: 0x00041000
File Size:  255168      File Time:  2016-07-16_204250
Version:
   Company:    Microsoft Corporation
   Product:    MicrosoftR WindowsR Operating System
   FileDesc:   Host for SCM/SDDL/LSA Lookup APIs
   FileVer:    10.0.14393.0
   ProdVer:    10.0.14393.0

Module 85
C:\WINDOWS\System32\kernel.appcore.dll
Image Base: 0x76d80000  Image Size: 0x0000d000
File Size:  43416       File Time:  2016-07-16_204256
Version:
   Company:    Microsoft Corporation
   Product:    MicrosoftR WindowsR Operating System
   FileDesc:   AppModel API Host
   FileVer:    10.0.14393.0
   ProdVer:    10.0.14393.0

Module 86
C:\WINDOWS\System32\ole32.dll
Image Base: 0x76d90000  Image Size: 0x000ea000
File Size:  959112      File Time:  2016-12-29_161658
Version:
   Company:    Microsoft Corporation
   Product:    MicrosoftR WindowsR Operating System
   FileDesc:   Windows 用 Microsoft OLE
   FileVer:    10.0.14393.576
   ProdVer:    10.0.14393.576

Module 87
C:\WINDOWS\System32\powrprof.dll
Image Base: 0x76ea0000  Image Size: 0x00045000
File Size:  275832      File Time:  2016-07-16_204256
Version:
   Company:    Microsoft Corporation
   Product:    MicrosoftR WindowsR Operating System
   FileDesc:   電源プロファイル ヘルパー DLL
   FileVer:    10.0.14393.0
   ProdVer:    10.0.14393.0

Module 88
C:\WINDOWS\System32\msvcrt.dll
Image Base: 0x76ef0000  Image Size: 0x000be000
File Size:  773168      File Time:  2016-07-16_204250
Version:
   Company:    Microsoft Corporation
   Product:    MicrosoftR WindowsR Operating System
   FileDesc:   Windows NT CRT DLL
   FileVer:    7.0.14393.0
   ProdVer:    10.0.14393.0

Module 89
C:\WINDOWS\System32\KERNEL32.DLL
Image Base: 0x76fb0000  Image Size: 0x000e0000
File Size:  616048      File Time:  2016-07-16_204246
Version:
   Company:    Microsoft Corporation
   Product:    MicrosoftR WindowsR Operating System
   FileDesc:   Windows NT ベース API クライアント DLL
   FileVer:    10.0.14393.0
   ProdVer:    10.0.14393.0

Module 90
C:\WINDOWS\System32\SETUPAPI.dll
Image Base: 0x77200000  Image Size: 0x0040b000
File Size:  4268368     File Time:  2016-07-16_204246
Version:
   Company:    Microsoft Corporation
   Product:    MicrosoftR WindowsR Operating System
   FileDesc:   Windows セットアップ API
   FileVer:    10.0.14393.0
   ProdVer:    10.0.14393.0

Module 91
C:\WINDOWS\System32\WS2_32.dll
Image Base: 0x77610000  Image Size: 0x00063000
File Size:  402352      File Time:  2016-12-29_160840
Version:
   Company:    Microsoft Corporation
   Product:    MicrosoftR WindowsR Operating System
   FileDesc:   Windows Socket 2.0 32 ビット DLL
   FileVer:    10.0.14393.206
   ProdVer:    10.0.14393.206

Module 92
C:\WINDOWS\System32\msvcp_win.dll
Image Base: 0x77680000  Image Size: 0x0007b000
File Size:  498408      File Time:  2016-07-16_204256
Version:
   Company:    Microsoft Corporation
   Product:    MicrosoftR WindowsR Operating System
   FileDesc:   MicrosoftR C Runtime Library
   FileVer:    10.0.14393.0
   ProdVer:    10.0.14393.0

Module 93
C:\WINDOWS\System32\win32u.dll
Image Base: 0x77700000  Image Size: 0x00015000
File Size:  79536       File Time:  2016-12-29_160822
Version:
   Company:    Microsoft Corporation
   Product:    MicrosoftR WindowsR Operating System
   FileDesc:   Win32u
   FileVer:    10.0.14393.51
   ProdVer:    10.0.14393.51

Module 94
C:\WINDOWS\System32\GDI32.dll
Image Base: 0x777e0000  Image Size: 0x0002b000
File Size:  170960      File Time:  2016-12-29_160824
Version:
   Company:    Microsoft Corporation
   Product:    MicrosoftR WindowsR Operating System
   FileDesc:   GDI Client DLL
   FileVer:    10.0.14393.206
   ProdVer:    10.0.14393.206

Module 95
C:\WINDOWS\System32\clbcatq.dll
Image Base: 0x77810000  Image Size: 0x00084000
File Size:  528360      File Time:  2016-07-16_204248
Version:
   Company:    Microsoft Corporation
   Product:    MicrosoftR WindowsR Operating System
   FileDesc:   COM+ Configuration Catalog
   FileVer:    2001.12.10941.16384
   ProdVer:    10.0.14393.0

Module 96
C:\WINDOWS\System32\MSCTF.dll
Image Base: 0x778a0000  Image Size: 0x00135000
File Size:  1260784     File Time:  2017-03-04_154230
Version:
   Company:    Microsoft Corporation
   Product:    MicrosoftR WindowsR Operating System
   FileDesc:   MSCTF サーバー DLL
   FileVer:    10.0.14393.953
   ProdVer:    10.0.14393.953

Module 97
C:\WINDOWS\System32\shcore.dll
Image Base: 0x77a80000  Image Size: 0x00088000
File Size:  549088      File Time:  2017-03-04_155300
Version:
   Company:    Microsoft Corporation
   Product:    MicrosoftR WindowsR Operating System
   FileDesc:   SHCORE
   FileVer:    10.0.14393.953
   ProdVer:    10.0.14393.953

Module 98
C:\WINDOWS\System32\bcryptPrimitives.dll
Image Base: 0x77c00000  Image Size: 0x0005a000
File Size:  367208      File Time:  2016-07-16_204228
Version:
   Company:    Microsoft Corporation
   Product:    MicrosoftR WindowsR Operating System
   FileDesc:   Windows Cryptographic Primitives Library
   FileVer:    10.0.14393.0
   ProdVer:    10.0.14393.0

Module 99
C:\WINDOWS\System32\OLEAUT32.dll
Image Base: 0x77c60000  Image Size: 0x00094000
File Size:  601712      File Time:  2016-12-29_161638
Version:
   Company:    Microsoft Corporation
   Product:    MicrosoftR WindowsR Operating System
   FileDesc:   OLEAUT32.DLL
   FileVer:    10.0.14393.447
   ProdVer:    10.0.14393.447

Module 100
C:\WINDOWS\System32\profapi.dll
Image Base: 0x77d00000  Image Size: 0x0000f000
File Size:  54752       File Time:  2016-07-16_204250
Version:
   Company:    Microsoft Corporation
   Product:    MicrosoftR WindowsR Operating System
   FileDesc:   User Profile Basic API
   FileVer:    10.0.14393.0
   ProdVer:    10.0.14393.0

Module 101
C:\WINDOWS\System32\PSAPI.DLL
Image Base: 0x77d20000  Image Size: 0x00006000
File Size:  17048       File Time:  2016-07-16_204246
Version:
   Company:    Microsoft Corporation
   Product:    MicrosoftR WindowsR Operating System
   FileDesc:   Process Status Helper
   FileVer:    10.0.14393.0
   ProdVer:    10.0.14393.0

Module 102
C:\WINDOWS\SYSTEM32\ntdll.dll
Image Base: 0x77d30000  Image Size: 0x00183000
File Size:  1572768     File Time:  2016-12-29_161700
Version:
   Company:    Microsoft Corporation
   Product:    MicrosoftR WindowsR Operating System
   FileDesc:   NT レイヤー DLL
   FileVer:    10.0.14393.479
   ProdVer:    10.0.14393.479


== [end of error.log] ==
