Unity Player [version: Unity 5.5.2f1_3829d7f588f3]

coinking.exe caused an Access Violation (0xc0000005)
  in module coinking.exe at 0023:00ff33ff.

Error occurred at 2017-03-27_194620.
D:\Users\pieaf\Documents\CoinKings\coinking.exe, run by pieaf.
28% memory in use.
0 MB physical memory [0 MB free].
0 MB paging file [0 MB free].
0 MB user address space [3631 MB free].
Read from location 23f3a1de caused an access violation.

Context:
EDI:    0x05078730  ESI: 0x05077580  EAX:   0x00000000
EBX:    0x05078040  ECX: 0x1ffffffe  EDX:   0x03f3a1e0
EIP:    0x00ff33ff  EBP: 0x0d30fc7c  SegCs: 0x00000023
EFlags: 0x00010213  ESP: 0x0d30fc04  SegSs: 0x0000002b

Bytes at CS:EIP:
8a 1c 11 8b 4e 60 0f b6 d3 03 c9 2b ca 8b 96 9c 

Stack:
0x0d30fc04: 03eb05f0 00000000 05077580 1307f7b0 .........u......
0x0d30fc14: 130806f0 130806f0 1307ef50 1307ef50 ........P...P...
0x0d30fc24: 1307f7b0 00000000 1307ef50 00000010 ........P.......
0x0d30fc34: 130806f0 0597c330 03f3a1e0 0cdc6340 ....0.......@c..
0x0d30fc44: 0d30fc5c 0597d130 1307f7b0 0558f730 \.0.0.......0.X.
0x0d30fc54: 0cdc6270 00002000 0d30fa5c 0000001e pb... ..\.0.....
0x0d30fc64: fffff910 0d30fa5c 05078730 05078040 ....\.0.0...@...
0x0d30fc74: 00000000 00000000 0d30fcb0 00ff38de ..........0..8..
0x0d30fc84: 00000000 0507769c 050776a0 050776a4 .....v...v...v..
0x0d30fc94: 00ff25d9 00001fa0 010503ec 050775ac .%...........u..
0x0d30fca4: 00f22cae 0507758c 00009fc0 0d30fd48 .,...u......H.0.
0x0d30fcb4: 008b3402 0558f730 05590280 73796850 .4..0.X...Y.Phys
0x0d30fcc4: 78502e58 70615373 7061732e 61647055 X.PxsSap.sapUpda
0x0d30fcd4: 6f576574 00006b72 00000000 00000000 teWork..........
0x0d30fce4: 00000000 00000000 00000000 00000000 ................
0x0d30fcf4: 00000000 00000000 00000000 00000000 ................
0x0d30fd04: 00000000 00000000 00000000 00000000 ................
0x0d30fd14: 00000000 00000000 00000000 00000000 ................
0x0d30fd24: 00000000 00000000 00000000 00000000 ................
0x0d30fd34: 00000000 00000000 00000000 00000000 ................
0x0d30fd44: 76ab0000 0d30fd74 0059f30b 0507758c ...vt.0...Y..u..
0x0d30fd54: 0558f730 03e4b510 05087a00 03e4b510 0.X......z......
0x0d30fd64: 00000000 05590280 00000000 05087a00 ......Y......z..
0x0d30fd74: 0d30fd98 0059f531 0558f730 00005848 ..0.1.Y.0.X.HX..
0x0d30fd84: 00000001 05087a00 03e4b510 03e67744 .....z......Dw..
0x0d30fd94: 03e4b53c 0d30fdac 0059f640 05087a00 <.....0.@.Y..z..
0x0d30fda4: 006aefc0 03e67744 0d30fdc4 006aefef ..j.Dw....0...j.
0x0d30fdb4: 03e4b510 03e67744 006aefc0 006aefc0 ....Dw....j...j.
0x0d30fdc4: 0d30fdd8 76fc62c4 03e67744 76fc62a0 ..0..b.vDw...b.v
0x0d30fdd4: 0bf580d0 0d30fe20 77d90fd9 03e67744 .... .0....wDw..
0x0d30fde4: 0b17a4d5 00000000 00000000 03e67744 ............Dw..
0x0d30fdf4: c0000005 00000000 0d30f614 76b1d2e0 ..........0....v
0x0d30fe04: 0b17a4d5 0d30fde4 0d30f614 0d30fe28 ......0...0.(.0.
0x0d30fe14: 77da67b0 71c5dde5 00000000 0d30fe30 .g.w...q....0.0.
0x0d30fe24: 77d90fa4 ffffffff 77db2ed6 00000000 ...w.......w....
0x0d30fe34: 00000000 006aefc0 03e67744 00000000 ......j.Dw......
0x0d30fe44: 00000000 00000000 00000000 00000000 ................
0x0d30fe54: 00000000 00000000 00000000 00000000 ................
0x0d30fe64: 00000000 00000000 00000000 00000000 ................
0x0d30fe74: 00000000 00000000 00000000 00000000 ................
0x0d30fe84: 00000000 00000000 00000000 00000000 ................
0x0d30fe94: 00000000 00000000 00000000 00000000 ................
0x0d30fea4: 00000000 00000000 00000000 00000000 ................
0x0d30feb4: 00000000 00000000 00000000 00000000 ................
0x0d30fec4: 00000000 00000000 00000000 00000000 ................
0x0d30fed4: 00000000 00000000 00000000 00000000 ................
0x0d30fee4: 00000000 00000000 00000000 00000000 ................
0x0d30fef4: 00000000 00000000 00000000 00000000 ................
0x0d30ff04: 00000000 00000000 00000000 00000000 ................
0x0d30ff14: 00000000 00000000 00000000 00000000 ................
0x0d30ff24: 00000000 00000000 00000000 00000000 ................
0x0d30ff34: 00000000 00000000 00000000 00000000 ................
0x0d30ff44: 00000000 00000000 00000000 00000000 ................
0x0d30ff54: 00000000 00000000 00000000 00000000 ................
0x0d30ff64: 00000000 00000000 00000000 00000000 ................
0x0d30ff74: 00000000 00000000 00000000 00000000 ................
0x0d30ff84: 00000000 00000000 00000000 00000000 ................
0x0d30ff94: 00000000 00000000 00000000 00000000 ................
0x0d30ffa4: 00000000 00000000 00000000 00000000 ................
0x0d30ffb4: 00000000 00000000 00000000 00000000 ................
0x0d30ffc4: 00000000 00000000 00000000 00000000 ................
0x0d30ffd4: 00000000 00000000 00000000 00000000 ................
0x0d30ffe4: 00000000 00000000 00000000 00000000 ................
0x0d30fff4: 00000000 00000000 00000000          ............

Module 1
D:\Users\pieaf\Documents\CoinKings\coinking.exe
Image Base: 0x00360000  Image Size: 0x01544000
File Size:  21348352    File Time:  2017-02-22_200304
Version:
   Company:    
   Product:    
   FileDesc:   
   FileVer:    5.5.2.10711
   ProdVer:    5.5.2.10711

Module 2
D:\Users\pieaf\Documents\CoinKings\coinking_Data\Mono\mono.dll
Image Base: 0x10000000  Image Size: 0x00231000
File Size:  2115008     File Time:  2017-02-22_203522
Version:
   Company:    Unity Technologies
   Product:    libmono
   FileDesc:   Unity Technologies fork of mono runtime
   FileVer:    1.0.0.1
   ProdVer:    1.0.0.1

Module 3
C:\WINDOWS\SYSTEM32\xinput1_3.dll
Image Base: 0x00400000  Image Size: 0x00016000
File Size:  81768       File Time:  2007-04-04_185342
Version:
   Company:    Microsoft Corporation
   Product:    MicrosoftR DirectX for WindowsR
   FileDesc:   Microsoft Common Controller API
   FileVer:    9.18.944.0
   ProdVer:    9.18.944.0

Module 4
C:\WINDOWS\SYSTEM32\DCIMAN32.dll
Image Base: 0x51c80000  Image Size: 0x00007000
File Size:  11776       File Time:  2016-07-16_204250
Version:
   Company:    Microsoft Corporation
   Product:    MicrosoftR WindowsR Operating System
   FileDesc:   DCI Manager
   FileVer:    10.0.14393.0
   ProdVer:    10.0.14393.0

Module 5
C:\WINDOWS\SYSTEM32\GLU32.dll
Image Base: 0x51c90000  Image Size: 0x00025000
File Size:  141312      File Time:  2016-07-16_204306
Version:
   Company:    Microsoft Corporation
   Product:    MicrosoftR WindowsR Operating System
   FileDesc:   OpenGL ユーティリティ ライブラリ DLL
   FileVer:    10.0.14393.0
   ProdVer:    10.0.14393.0

Module 6
C:\WINDOWS\SYSTEM32\DDRAW.dll
Image Base: 0x51cc0000  Image Size: 0x000ed000
File Size:  548352      File Time:  2017-03-04_151812
Version:
   Company:    Microsoft Corporation
   Product:    MicrosoftR WindowsR Operating System
   FileDesc:   Microsoft DirectDraw
   FileVer:    10.0.14393.953
   ProdVer:    10.0.14393.953

Module 7
C:\WINDOWS\SYSTEM32\OPENGL32.dll
Image Base: 0x52370000  Image Size: 0x000e0000
File Size:  786944      File Time:  2016-07-16_204306
Version:
   Company:    Microsoft Corporation
   Product:    MicrosoftR WindowsR Operating System
   FileDesc:   OpenGL Client DLL
   FileVer:    10.0.14393.0
   ProdVer:    10.0.14393.0

Module 8
C:\WINDOWS\SYSTEM32\midimap.dll
Image Base: 0x59de0000  Image Size: 0x00008000
File Size:  18944       File Time:  2016-07-16_204250
Version:
   Company:    Microsoft Corporation
   Product:    MicrosoftR WindowsR Operating System
   FileDesc:   Microsoft MIDI Mapper
   FileVer:    10.0.14393.0
   ProdVer:    10.0.14393.0

Module 9
C:\WINDOWS\SYSTEM32\msacm32.drv
Image Base: 0x59df0000  Image Size: 0x0000a000
File Size:  24576       File Time:  2016-07-16_204250
Version:
   Company:    Microsoft Corporation
   Product:    MicrosoftR WindowsR Operating System
   FileDesc:   Microsoft サウンド マッパー
   FileVer:    10.0.14393.0
   ProdVer:    10.0.14393.0

Module 10
C:\WINDOWS\SYSTEM32\wdmaud.drv
Image Base: 0x59e20000  Image Size: 0x00039000
File Size:  207360      File Time:  2016-07-16_204250
Version:
   Company:    Microsoft Corporation
   Product:    MicrosoftR WindowsR Operating System
   FileDesc:   Winmm オーディオ システム ドライバー
   FileVer:    10.0.14393.0
   ProdVer:    10.0.14393.0

Module 11
C:\WINDOWS\SYSTEM32\ksuser.dll
Image Base: 0x63390000  Image Size: 0x00007000
File Size:  20672       File Time:  2016-07-16_204250
Version:
   Company:    Microsoft Corporation
   Product:    MicrosoftR WindowsR Operating System
   FileDesc:   User CSA Library
   FileVer:    10.0.14393.0
   ProdVer:    10.0.14393.0

Module 12
C:\WINDOWS\system32\wbem\fastprox.dll
Image Base: 0x63850000  Image Size: 0x000c2000
File Size:  779776      File Time:  2016-07-16_204258
Version:
   Company:    Microsoft Corporation
   Product:    MicrosoftR WindowsR Operating System
   FileDesc:   WMI Custom Marshaller
   FileVer:    10.0.14393.0
   ProdVer:    10.0.14393.0

Module 13
C:\WINDOWS\SYSTEM32\wbemcomn.dll
Image Base: 0x63920000  Image Size: 0x00067000
File Size:  391168      File Time:  2016-07-16_204258
Version:
   Company:    Microsoft Corporation
   Product:    MicrosoftR WindowsR Operating System
   FileDesc:   WMI
   FileVer:    10.0.14393.0
   ProdVer:    10.0.14393.0

Module 14
C:\Windows\System32\IME\shared\imecfm.dll
Image Base: 0x63d10000  Image Size: 0x00029000
File Size:  147968      File Time:  2016-12-29_161638
Version:
   Company:    Microsoft Corporation
   Product:    MicrosoftR WindowsR Operating System
   FileDesc:   Microsoft IME
   FileVer:    10.0.14393.447
   ProdVer:    10.0.14393.447

Module 15
C:\WINDOWS\SYSTEM32\DUI70.dll
Image Base: 0x64440000  Image Size: 0x00168000
File Size:  1453568     File Time:  2016-07-16_204306
Version:
   Company:    Microsoft Corporation
   Product:    MicrosoftR WindowsR Operating System
   FileDesc:   Windows DirectUI エンジン
   FileVer:    10.0.14393.0
   ProdVer:    10.0.14393.0

Module 16
C:\Windows\System32\IME\shared\imetip.dll
Image Base: 0x645b0000  Image Size: 0x00114000
File Size:  1114112     File Time:  2017-03-04_150058
Version:
   Company:    Microsoft Corporation
   Product:    MicrosoftR WindowsR Operating System
   FileDesc:   Microsoft IME
   FileVer:    10.0.14393.953
   ProdVer:    10.0.14393.953

Module 17
C:\Windows\System32\IME\IMEJP\imjppred.dll
Image Base: 0x647d0000  Image Size: 0x000ad000
File Size:  690688      File Time:  2017-03-04_151240
Version:
   Company:    Microsoft Corporation
   Product:    MicrosoftR WindowsR Operating System
   FileDesc:   Microsoft IME
   FileVer:    10.0.14393.953
   ProdVer:    10.0.14393.953

Module 18
C:\WINDOWS\SYSTEM32\msvcp110_win.dll
Image Base: 0x64880000  Image Size: 0x00067000
File Size:  415256      File Time:  2016-07-16_204256
Version:
   Company:    Microsoft Corporation
   Product:    MicrosoftR WindowsR Operating System
   FileDesc:   MicrosoftR STL110 C++ Runtime Library
   FileVer:    10.0.14393.0
   ProdVer:    10.0.14393.0

Module 19
C:\WINDOWS\SYSTEM32\policymanager.dll
Image Base: 0x648f0000  Image Size: 0x0003f000
File Size:  248992      File Time:  2017-03-04_155604
Version:
   Company:    Microsoft Corporation
   Product:    MicrosoftR WindowsR Operating System
   FileDesc:   Policy Manager DLL
   FileVer:    10.0.14393.953
   ProdVer:    10.0.14393.953

Module 20
C:\Windows\System32\IME\shared\imjkapi.dll
Image Base: 0x649c0000  Image Size: 0x0002f000
File Size:  178688      File Time:  2016-12-29_161638
Version:
   Company:    Microsoft Corporation
   Product:    MicrosoftR WindowsR Operating System
   FileDesc:   Microsoft IME
   FileVer:    10.0.14393.447
   ProdVer:    10.0.14393.447

Module 21
C:\Windows\System32\IME\IMEJP\imjpapi.dll
Image Base: 0x649f0000  Image Size: 0x001c5000
File Size:  1753088     File Time:  2016-12-29_161654
Version:
   Company:    Microsoft Corporation
   Product:    MicrosoftR WindowsR Operating System
   FileDesc:   Microsoft IME
   FileVer:    10.0.14393.447
   ProdVer:    10.0.14393.447

Module 22
C:\Windows\System32\IME\SHARED\imesearchdll.dll
Image Base: 0x64c50000  Image Size: 0x0001a000
File Size:  97280       File Time:  2016-12-29_161638
Version:
   Company:    Microsoft Corporation
   Product:    MicrosoftR WindowsR Operating System
   FileDesc:   IME search module
   FileVer:    10.0.14393.447
   ProdVer:    10.0.14393.447

Module 23
C:\Windows\System32\IME\IMEJP\imjptip.dll
Image Base: 0x64c90000  Image Size: 0x00297000
File Size:  2641408     File Time:  2017-03-04_150042
Version:
   Company:    Microsoft Corporation
   Product:    MicrosoftR WindowsR Operating System
   FileDesc:   Microsoft IME
   FileVer:    10.0.14393.953
   ProdVer:    10.0.14393.953

Module 24
C:\WINDOWS\system32\wbem\wbemsvc.dll
Image Base: 0x66d30000  Image Size: 0x00010000
File Size:  48640       File Time:  2016-07-16_204258
Version:
   Company:    Microsoft Corporation
   Product:    MicrosoftR WindowsR Operating System
   FileDesc:   WMI
   FileVer:    10.0.14393.0
   ProdVer:    10.0.14393.0

Module 25
C:\WINDOWS\system32\wbem\wbemprox.dll
Image Base: 0x66dd0000  Image Size: 0x0000d000
File Size:  35328       File Time:  2016-07-16_204258
Version:
   Company:    Microsoft Corporation
   Product:    MicrosoftR WindowsR Operating System
   FileDesc:   WMI
   FileVer:    10.0.14393.0
   ProdVer:    10.0.14393.0

Module 26
C:\WINDOWS\SYSTEM32\edputil.dll
Image Base: 0x66e20000  Image Size: 0x0003d000
File Size:  232448      File Time:  2016-07-16_204304
Version:
   Company:    Microsoft Corporation
   Product:    MicrosoftR WindowsR Operating System
   FileDesc:   EDP ユーティリティ
   FileVer:    10.0.14393.0
   ProdVer:    10.0.14393.0

Module 27
C:\WINDOWS\System32\DriverStore\FileRepository\c0309377.inf_amd64_7ab08912e1e1da0a\atidxx32.dll
Image Base: 0x6a860000  Image Size: 0x008a4000
File Size:  9270872     File Time:  2017-01-25_012804
Version:
   Company:    Advanced Micro Devices, Inc. 
   Product:    Advanced Micro Devices, Inc. Radeon DirectX 11 Driver
   FileDesc:   atidxx32.dll
   FileVer:    21.19.137.514
   ProdVer:    8.17.10.690

Module 28
C:\WINDOWS\SYSTEM32\HID.DLL
Image Base: 0x6d870000  Image Size: 0x0000a000
File Size:  25600       File Time:  2016-07-16_204250
Version:
   Company:    Microsoft Corporation
   Product:    MicrosoftR WindowsR Operating System
   FileDesc:   HID ユーザー ライブラリ
   FileVer:    10.0.14393.0
   ProdVer:    10.0.14393.0

Module 29
C:\WINDOWS\SYSTEM32\MSACM32.dll
Image Base: 0x6d9e0000  Image Size: 0x00018000
File Size:  90912       File Time:  2016-07-16_204250
Version:
   Company:    Microsoft Corporation
   Product:    MicrosoftR WindowsR Operating System
   FileDesc:   Microsoft ACM オーディオ フィルター
   FileVer:    10.0.14393.0
   ProdVer:    10.0.14393.0

Module 30
C:\WINDOWS\System32\DriverStore\FileRepository\c0309377.inf_amd64_7ab08912e1e1da0a\atiuxpag.dll
Image Base: 0x6da80000  Image Size: 0x00025000
File Size:  160592      File Time:  2017-01-25_012804
Version:
   Company:    Advanced Micro Devices, Inc. 
   Product:    Advanced Micro Devices, Inc PowerXpress Vista DX10 User Mode Driver
   FileDesc:   atiuxpag.dll
   FileVer:    21.19.137.514
   ProdVer:    8.14.1.6525

Module 31
C:\WINDOWS\System32\DriverStore\FileRepository\c0309377.inf_amd64_7ab08912e1e1da0a\aticfx32.dll
Image Base: 0x6dab0000  Image Size: 0x00138000
File Size:  1312784     File Time:  2017-01-25_012802
Version:
   Company:    Advanced Micro Devices, Inc. 
   Product:    AMD Inc. Radeon DirectX 11 Driver
   FileDesc:   aticfx32.dll
   FileVer:    21.19.137.514
   ProdVer:    8.17.10.1484

Module 32
C:\WINDOWS\SYSTEM32\dxgi.dll
Image Base: 0x6e410000  Image Size: 0x00083000
File Size:  524776      File Time:  2017-03-04_155404
Version:
   Company:    Microsoft Corporation
   Product:    MicrosoftR WindowsR Operating System
   FileDesc:   DirectX Graphics Infrastructure
   FileVer:    10.0.14393.953
   ProdVer:    10.0.14393.953

Module 33
C:\WINDOWS\SYSTEM32\d3d11.dll
Image Base: 0x6e5c0000  Image Size: 0x00230000
File Size:  2277288     File Time:  2017-03-04_155414
Version:
   Company:    Microsoft Corporation
   Product:    MicrosoftR WindowsR Operating System
   FileDesc:   Direct3D 11 Runtime
   FileVer:    10.0.14393.953
   ProdVer:    10.0.14393.953

Module 34
C:\WINDOWS\SYSTEM32\AVRT.dll
Image Base: 0x6e8f0000  Image Size: 0x00009000
File Size:  29448       File Time:  2016-07-16_204250
Version:
   Company:    Microsoft Corporation
   Product:    MicrosoftR WindowsR Operating System
   FileDesc:   Multimedia Realtime Runtime
   FileVer:    10.0.14393.0
   ProdVer:    10.0.14393.0

Module 35
C:\WINDOWS\SYSTEM32\wintypes.dll
Image Base: 0x6eff0000  Image Size: 0x000cf000
File Size:  846560      File Time:  2017-03-04_155046
Version:
   Company:    Microsoft Corporation
   Product:    MicrosoftR WindowsR Operating System
   FileDesc:   Windows ベース タイプ DLL
   FileVer:    10.0.14393.953
   ProdVer:    10.0.14393.953

Module 36
C:\Windows\System32\rasadhlp.dll
Image Base: 0x70410000  Image Size: 0x00008000
File Size:  13312       File Time:  2016-07-16_204302
Version:
   Company:    Microsoft Corporation
   Product:    MicrosoftR WindowsR Operating System
   FileDesc:   Remote Access AutoDial Helper
   FileVer:    10.0.14393.0
   ProdVer:    10.0.14393.0

Module 37
C:\WINDOWS\SYSTEM32\DNSAPI.dll
Image Base: 0x70450000  Image Size: 0x0007d000
File Size:  497416      File Time:  2017-03-04_160934
Version:
   Company:    Microsoft Corporation
   Product:    MicrosoftR WindowsR Operating System
   FileDesc:   DNS クライアント API DLL
   FileVer:    10.0.14393.953
   ProdVer:    10.0.14393.953

Module 38
C:\WINDOWS\SYSTEM32\AUDIOSES.DLL
Image Base: 0x704d0000  Image Size: 0x0007b000
File Size:  484584      File Time:  2017-03-04_165742
Version:
   Company:    Microsoft Corporation
   Product:    MicrosoftR WindowsR Operating System
   FileDesc:   オーディオ セッション
   FileVer:    10.0.14393.953
   ProdVer:    10.0.14393.953

Module 39
C:\WINDOWS\SYSTEM32\dhcpcsvc.DLL
Image Base: 0x70550000  Image Size: 0x00014000
File Size:  63488       File Time:  2016-07-16_204256
Version:
   Company:    Microsoft Corporation
   Product:    MicrosoftR WindowsR Operating System
   FileDesc:   DHCP クライアント サービス
   FileVer:    10.0.14393.0
   ProdVer:    10.0.14393.0

Module 40
C:\WINDOWS\SYSTEM32\dhcpcsvc6.DLL
Image Base: 0x70570000  Image Size: 0x00013000
File Size:  57344       File Time:  2016-07-16_204256
Version:
   Company:    Microsoft Corporation
   Product:    MicrosoftR WindowsR Operating System
   FileDesc:   DHCPv6 クライアント
   FileVer:    10.0.14393.0
   ProdVer:    10.0.14393.0

Module 41
C:\WINDOWS\SYSTEM32\MSWSOCK.dll
Image Base: 0x705a0000  Image Size: 0x0004e000
File Size:  306016      File Time:  2016-07-16_204256
Version:
   Company:    Microsoft Corporation
   Product:    MicrosoftR WindowsR Operating System
   FileDesc:   Microsoft Windows Sockets 2.0 サービス プロバイダー
   FileVer:    10.0.14393.0
   ProdVer:    10.0.14393.0

Module 42
C:\WINDOWS\System32\MMDevApi.dll
Image Base: 0x70a70000  Image Size: 0x00058000
File Size:  352760      File Time:  2017-03-04_154734
Version:
   Company:    Microsoft Corporation
   Product:    MicrosoftR WindowsR Operating System
   FileDesc:   MMDevice API
   FileVer:    10.0.14393.953
   ProdVer:    10.0.14393.953

Module 43
C:\WINDOWS\System32\DEVOBJ.dll
Image Base: 0x70ad0000  Image Size: 0x00022000
File Size:  132232      File Time:  2016-07-16_204256
Version:
   Company:    Microsoft Corporation
   Product:    MicrosoftR WindowsR Operating System
   FileDesc:   Device Information Set DLL
   FileVer:    10.0.14393.0
   ProdVer:    10.0.14393.0

Module 44
C:\WINDOWS\System32\winrnr.dll
Image Base: 0x70b00000  Image Size: 0x0000c000
File Size:  24064       File Time:  2016-07-16_204248
Version:
   Company:    Microsoft Corporation
   Product:    MicrosoftR WindowsR Operating System
   FileDesc:   LDAP RnR Provider DLL
   FileVer:    10.0.14393.0
   ProdVer:    10.0.14393.0

Module 45
C:\WINDOWS\system32\rsaenh.dll
Image Base: 0x70d00000  Image Size: 0x0002f000
File Size:  184416      File Time:  2016-07-16_204256
Version:
   Company:    Microsoft Corporation
   Product:    MicrosoftR WindowsR Operating System
   FileDesc:   Microsoft Enhanced Cryptographic Provider
   FileVer:    10.0.14393.0
   ProdVer:    10.0.14393.0

Module 46
C:\WINDOWS\SYSTEM32\CRYPTSP.dll
Image Base: 0x70d30000  Image Size: 0x00013000
File Size:  68720       File Time:  2016-07-16_204256
Version:
   Company:    Microsoft Corporation
   Product:    MicrosoftR WindowsR Operating System
   FileDesc:   Cryptographic Service Provider API
   FileVer:    10.0.14393.0
   ProdVer:    10.0.14393.0

Module 47
C:\WINDOWS\system32\NLAapi.dll
Image Base: 0x70d50000  Image Size: 0x00014000
File Size:  65024       File Time:  2016-07-16_204354
Version:
   Company:    Microsoft Corporation
   Product:    MicrosoftR WindowsR Operating System
   FileDesc:   Network Location Awareness 2
   FileVer:    10.0.14393.0
   ProdVer:    10.0.14393.0

Module 48
C:\WINDOWS\system32\pnrpnsp.dll
Image Base: 0x70d70000  Image Size: 0x00016000
File Size:  70656       File Time:  2016-07-16_204402
Version:
   Company:    Microsoft Corporation
   Product:    MicrosoftR WindowsR Operating System
   FileDesc:   PNRP 名前空間プロバイダー
   FileVer:    10.0.14393.0
   ProdVer:    10.0.14393.0

Module 49
C:\WINDOWS\system32\napinsp.dll
Image Base: 0x70d90000  Image Size: 0x00012000
File Size:  55808       File Time:  2016-07-16_204302
Version:
   Company:    Microsoft Corporation
   Product:    MicrosoftR WindowsR Operating System
   FileDesc:   電子メール ネーミング Shim プロバイダー
   FileVer:    10.0.14393.0
   ProdVer:    10.0.14393.0

Module 50
C:\WINDOWS\System32\fwpuclnt.dll
Image Base: 0x70e40000  Image Size: 0x00049000
File Size:  279040      File Time:  2016-07-16_204256
Version:
   Company:    Microsoft Corporation
   Product:    MicrosoftR WindowsR Operating System
   FileDesc:   FWP/IPsec ユーザー モード API
   FileVer:    10.0.14393.0
   ProdVer:    10.0.14393.0

Module 51
C:\WINDOWS\SYSTEM32\NTASN1.dll
Image Base: 0x70e90000  Image Size: 0x0002b000
File Size:  173008      File Time:  2016-07-16_204256
Version:
   Company:    Microsoft Corporation
   Product:    MicrosoftR WindowsR Operating System
   FileDesc:   Microsoft ASN.1 API
   FileVer:    10.0.14393.0
   ProdVer:    10.0.14393.0

Module 52
C:\Program Files (x86)\Bonjour\mdnsNSP.dll
Image Base: 0x70ef0000  Image Size: 0x00021000
File Size:  122128      File Time:  2015-08-12_160338
Version:
   Company:    Apple Inc.
   Product:    Bonjour
   FileDesc:   Bonjour Namespace Provider
   FileVer:    3.1.0.1
   ProdVer:    3.1.0.1

Module 53
C:\WINDOWS\SYSTEM32\ncrypt.dll
Image Base: 0x70f20000  Image Size: 0x00020000
File Size:  120384      File Time:  2016-07-16_204256
Version:
   Company:    Microsoft Corporation
   Product:    MicrosoftR WindowsR Operating System
   FileDesc:   Windows NCrypt ルーター
   FileVer:    10.0.14393.0
   ProdVer:    10.0.14393.0

Module 54
C:\WINDOWS\SYSTEM32\wer.dll
Image Base: 0x726f0000  Image Size: 0x0008f000
File Size:  576408      File Time:  2017-03-04_155140
Version:
   Company:    Microsoft Corporation
   Product:    MicrosoftR WindowsR Operating System
   FileDesc:   Windows エラー報告 DLL
   FileVer:    10.0.14393.953
   ProdVer:    10.0.14393.953

Module 55
C:\WINDOWS\SYSTEM32\iertutil.dll
Image Base: 0x72d10000  Image Size: 0x00229000
File Size:  2256080     File Time:  2017-03-04_155306
Version:
   Company:    Microsoft Corporation
   Product:    Internet Explorer
   FileDesc:   Internet Explorer 用ランタイム ユーティリティ
   FileVer:    11.0.14393.953
   ProdVer:    11.0.14393.953

Module 56
C:\WINDOWS\SYSTEM32\urlmon.dll
Image Base: 0x72f40000  Image Size: 0x00194000
File Size:  1595904     File Time:  2017-03-04_150118
Version:
   Company:    Microsoft Corporation
   Product:    Internet Explorer
   FileDesc:   Win32 用 OLE32 拡張
   FileVer:    11.0.14393.953
   ProdVer:    11.0.14393.953

Module 57
C:\WINDOWS\system32\dwmapi.dll
Image Base: 0x73100000  Image Size: 0x0001f000
File Size:  113504      File Time:  2016-12-29_160822
Version:
   Company:    Microsoft Corporation
   Product:    MicrosoftR WindowsR Operating System
   FileDesc:   Microsoft デスクトップ ウィンドウ マネージャー API
   FileVer:    10.0.14393.206
   ProdVer:    10.0.14393.206

Module 58
C:\WINDOWS\SYSTEM32\WINMMBASE.dll
Image Base: 0x73380000  Image Size: 0x00023000
File Size:  131208      File Time:  2016-07-16_204250
Version:
   Company:    Microsoft Corporation
   Product:    MicrosoftR WindowsR Operating System
   FileDesc:   Base Multimedia Extension API DLL
   FileVer:    10.0.14393.0
   ProdVer:    10.0.14393.0

Module 59
C:\WINDOWS\SYSTEM32\OLEACC.dll
Image Base: 0x733d0000  Image Size: 0x00054000
File Size:  325120      File Time:  2017-03-04_152022
Version:
   Company:    Microsoft Corporation
   Product:    MicrosoftR WindowsR Operating System
   FileDesc:   Active Accessibility Core Component
   FileVer:    7.2.14393.953
   ProdVer:    10.0.14393.953

Module 60
C:\WINDOWS\SYSTEM32\WINMM.dll
Image Base: 0x73440000  Image Size: 0x00024000
File Size:  135376      File Time:  2016-07-16_204250
Version:
   Company:    Microsoft Corporation
   Product:    MicrosoftR WindowsR Operating System
   FileDesc:   MCI API DLL
   FileVer:    10.0.14393.0
   ProdVer:    10.0.14393.0

Module 61
C:\WINDOWS\SYSTEM32\dbghelp.dll
Image Base: 0x738f0000  Image Size: 0x00145000
File Size:  1220608     File Time:  2016-07-16_204258
Version:
   Company:    Microsoft
   Product:    MicrosoftR WindowsR Operating System
   FileDesc:   Windows Image Helper
   FileVer:    10.0.14321.1024
   ProdVer:    10.0.14321.1024

Module 62
C:\WINDOWS\SYSTEM32\ntmarta.dll
Image Base: 0x73a40000  Image Size: 0x00028000
File Size:  154432      File Time:  2016-07-16_204256
Version:
   Company:    Microsoft Corporation
   Product:    MicrosoftR WindowsR Operating System
   FileDesc:   Windows NT MARTA プロバイダー
   FileVer:    10.0.14393.0
   ProdVer:    10.0.14393.0

Module 63
C:\WINDOWS\system32\uxtheme.dll
Image Base: 0x73b70000  Image Size: 0x00075000
File Size:  457728      File Time:  2016-07-16_204306
Version:
   Company:    Microsoft Corporation
   Product:    MicrosoftR WindowsR Operating System
   FileDesc:   Microsoft UxTheme ライブラリ
   FileVer:    10.0.14393.0
   ProdVer:    10.0.14393.0

Module 64
C:\WINDOWS\System32\PROPSYS.dll
Image Base: 0x73bf0000  Image Size: 0x0014f000
File Size:  1375456     File Time:  2016-07-16_204256
Version:
   Company:    Microsoft Corporation
   Product:    WindowsR Search
   FileDesc:   Microsoft プロパティ システム
   FileVer:    7.0.14393.0
   ProdVer:    7.0.14393.0

Module 65
C:\WINDOWS\WinSxS\x86_microsoft.windows.common-controls_6595b64144ccf1df_6.0.14393.953_none_89c2555adb023171\comctl32.dll
Image Base: 0x73d90000  Image Size: 0x0020a000
File Size:  2121568     File Time:  2017-03-04_154648
Version:
   Company:    Microsoft Corporation
   Product:    MicrosoftR WindowsR Operating System
   FileDesc:   ユーザー エクスペリエンス コントロール ライブラリ
   FileVer:    6.10.14393.953
   ProdVer:    10.0.14393.953

Module 66
C:\WINDOWS\SYSTEM32\bcrypt.dll
Image Base: 0x74150000  Image Size: 0x0001b000
File Size:  106896      File Time:  2016-12-29_161638
Version:
   Company:    Microsoft Corporation
   Product:    MicrosoftR WindowsR Operating System
   FileDesc:   Windows 暗号化プリミティブ ライブラリ
   FileVer:    10.0.14393.576
   ProdVer:    10.0.14393.576

Module 67
C:\WINDOWS\SYSTEM32\WINHTTP.dll
Image Base: 0x74180000  Image Size: 0x000a0000
File Size:  636928      File Time:  2017-03-04_151630
Version:
   Company:    Microsoft Corporation
   Product:    MicrosoftR WindowsR Operating System
   FileDesc:   Windows HTTP サービス
   FileVer:    10.0.14393.953
   ProdVer:    10.0.14393.953

Module 68
C:\WINDOWS\SYSTEM32\IPHLPAPI.DLL
Image Base: 0x74220000  Image Size: 0x0002f000
File Size:  184416      File Time:  2017-03-04_160254
Version:
   Company:    Microsoft Corporation
   Product:    MicrosoftR WindowsR Operating System
   FileDesc:   IP ヘルパー API
   FileVer:    10.0.14393.953
   ProdVer:    10.0.14393.953

Module 69
C:\WINDOWS\SYSTEM32\VERSION.dll
Image Base: 0x746c0000  Image Size: 0x00008000
File Size:  27360       File Time:  2016-07-16_204306
Version:
   Company:    Microsoft Corporation
   Product:    MicrosoftR WindowsR Operating System
   FileDesc:   Version Checking and File Installation Libraries
   FileVer:    10.0.14393.0
   ProdVer:    10.0.14393.0

Module 70
C:\WINDOWS\System32\CRYPTBASE.dll
Image Base: 0x746f0000  Image Size: 0x0000a000
File Size:  31528       File Time:  2016-07-16_204250
Version:
   Company:    Microsoft Corporation
   Product:    MicrosoftR WindowsR Operating System
   FileDesc:   Base cryptographic API DLL
   FileVer:    10.0.14393.0
   ProdVer:    10.0.14393.0

Module 71
C:\WINDOWS\System32\SspiCli.dll
Image Base: 0x74700000  Image Size: 0x0001e000
File Size:  117240      File Time:  2016-12-29_161658
Version:
   Company:    Microsoft Corporation
   Product:    MicrosoftR WindowsR Operating System
   FileDesc:   Security Support Provider Interface
   FileVer:    10.0.14393.576
   ProdVer:    10.0.14393.576

Module 72
C:\WINDOWS\System32\windows.storage.dll
Image Base: 0x74720000  Image Size: 0x0056e000
File Size:  5722320     File Time:  2017-03-04_155320
Version:
   Company:    Microsoft Corporation
   Product:    MicrosoftR WindowsR Operating System
   FileDesc:   Microsoft WinRT ストレージ API
   FileVer:    10.0.14393.953
   ProdVer:    10.0.14393.953

Module 73
C:\WINDOWS\System32\CRYPT32.dll
Image Base: 0x74c90000  Image Size: 0x0017d000
File Size:  1556712     File Time:  2016-12-29_161638
Version:
   Company:    Microsoft Corporation
   Product:    MicrosoftR WindowsR Operating System
   FileDesc:   Crypto API32
   FileVer:    10.0.14393.351
   ProdVer:    10.0.14393.351

Module 74
C:\WINDOWS\System32\combase.dll
Image Base: 0x74e10000  Image Size: 0x00211000
File Size:  2166752     File Time:  2016-12-29_161638
Version:
   Company:    Microsoft Corporation
   Product:    MicrosoftR WindowsR Operating System
   FileDesc:   Windows 用 Microsoft COM
   FileVer:    10.0.14393.576
   ProdVer:    10.0.14393.576

Module 75
C:\WINDOWS\System32\IMM32.dll
Image Base: 0x75030000  Image Size: 0x00025000
File Size:  144632      File Time:  2016-07-16_204250
Version:
   Company:    Microsoft Corporation
   Product:    MicrosoftR WindowsR Operating System
   FileDesc:   Multi-User Windows IMM32 API Client DLL
   FileVer:    10.0.14393.0
   ProdVer:    10.0.14393.0

Module 76
C:\WINDOWS\System32\SHELL32.dll
Image Base: 0x75150000  Image Size: 0x013d9000
File Size:  20969928    File Time:  2017-03-04_154726
Version:
   Company:    Microsoft Corporation
   Product:    MicrosoftR WindowsR Operating System
   FileDesc:   Windows シェル共通 DLL
   FileVer:    10.0.14393.953
   ProdVer:    10.0.14393.953

Module 77
C:\WINDOWS\System32\SHLWAPI.dll
Image Base: 0x76530000  Image Size: 0x00046000
File Size:  284056      File Time:  2016-07-16_204304
Version:
   Company:    Microsoft Corporation
   Product:    MicrosoftR WindowsR Operating System
   FileDesc:   シェル ライトウェイト ユーティリティ ライブラリ
   FileVer:    10.0.14393.0
   ProdVer:    10.0.14393.0

Module 78
C:\WINDOWS\System32\ucrtbase.dll
Image Base: 0x76580000  Image Size: 0x000e0000
File Size:  918304      File Time:  2016-07-16_204256
Version:
   Company:    Microsoft Corporation
   Product:    MicrosoftR WindowsR Operating System
   FileDesc:   MicrosoftR C Runtime Library
   FileVer:    10.0.14393.0
   ProdVer:    10.0.14393.0

Module 79
C:\WINDOWS\System32\MSASN1.dll
Image Base: 0x76660000  Image Size: 0x0000e000
File Size:  49080       File Time:  2016-07-16_204256
Version:
   Company:    Microsoft Corporation
   Product:    MicrosoftR WindowsR Operating System
   FileDesc:   ASN.1 Runtime APIs
   FileVer:    10.0.14393.0
   ProdVer:    10.0.14393.0

Module 80
C:\WINDOWS\System32\RPCRT4.dll
Image Base: 0x76670000  Image Size: 0x000c1000
File Size:  790760      File Time:  2016-12-29_160840
Version:
   Company:    Microsoft Corporation
   Product:    MicrosoftR WindowsR Operating System
   FileDesc:   リモート プロシージャ コール ランタイム
   FileVer:    10.0.14393.82
   ProdVer:    10.0.14393.82

Module 81
C:\WINDOWS\System32\USER32.dll
Image Base: 0x76740000  Image Size: 0x0015f000
File Size:  1435896     File Time:  2016-12-29_161642
Version:
   Company:    Microsoft Corporation
   Product:    MicrosoftR WindowsR Operating System
   FileDesc:   マルチユーザー Windows ユーザー API クライアント DLL
   FileVer:    10.0.14393.576
   ProdVer:    10.0.14393.576

Module 82
C:\WINDOWS\System32\ADVAPI32.dll
Image Base: 0x768a0000  Image Size: 0x00077000
File Size:  482392      File Time:  2016-07-16_204250
Version:
   Company:    Microsoft Corporation
   Product:    MicrosoftR WindowsR Operating System
   FileDesc:   Advanced Windows 32 ベース API
   FileVer:    10.0.14393.0
   ProdVer:    10.0.14393.0

Module 83
C:\WINDOWS\System32\NSI.dll
Image Base: 0x76920000  Image Size: 0x00007000
File Size:  20152       File Time:  2016-07-16_204228
Version:
   Company:    Microsoft Corporation
   Product:    MicrosoftR WindowsR Operating System
   FileDesc:   NSI User-mode interface DLL
   FileVer:    10.0.14393.0
   ProdVer:    10.0.14393.0

Module 84
C:\WINDOWS\System32\cfgmgr32.dll
Image Base: 0x76980000  Image Size: 0x00036000
File Size:  213848      File Time:  2016-07-16_204256
Version:
   Company:    Microsoft Corporation
   Product:    MicrosoftR WindowsR Operating System
   FileDesc:   Configuration Manager DLL
   FileVer:    10.0.14393.0
   ProdVer:    10.0.14393.0

Module 85
C:\WINDOWS\System32\KERNELBASE.dll
Image Base: 0x769c0000  Image Size: 0x001a1000
File Size:  1706488     File Time:  2017-03-04_160638
Version:
   Company:    Microsoft Corporation
   Product:    MicrosoftR WindowsR Operating System
   FileDesc:   Windows NT ベース API クライアント DLL
   FileVer:    10.0.14393.953
   ProdVer:    10.0.14393.953

Module 86
C:\WINDOWS\System32\gdi32full.dll
Image Base: 0x76b70000  Image Size: 0x0015b000
File Size:  1415240     File Time:  2017-03-04_154240
Version:
   Company:    Microsoft Corporation
   Product:    MicrosoftR WindowsR Operating System
   FileDesc:   GDI Client DLL
   FileVer:    10.0.14393.953
   ProdVer:    10.0.14393.953

Module 87
C:\WINDOWS\System32\sechost.dll
Image Base: 0x76d30000  Image Size: 0x00041000
File Size:  255168      File Time:  2016-07-16_204250
Version:
   Company:    Microsoft Corporation
   Product:    MicrosoftR WindowsR Operating System
   FileDesc:   Host for SCM/SDDL/LSA Lookup APIs
   FileVer:    10.0.14393.0
   ProdVer:    10.0.14393.0

Module 88
C:\WINDOWS\System32\kernel.appcore.dll
Image Base: 0x76d80000  Image Size: 0x0000d000
File Size:  43416       File Time:  2016-07-16_204256
Version:
   Company:    Microsoft Corporation
   Product:    MicrosoftR WindowsR Operating System
   FileDesc:   AppModel API Host
   FileVer:    10.0.14393.0
   ProdVer:    10.0.14393.0

Module 89
C:\WINDOWS\System32\ole32.dll
Image Base: 0x76d90000  Image Size: 0x000ea000
File Size:  959112      File Time:  2016-12-29_161658
Version:
   Company:    Microsoft Corporation
   Product:    MicrosoftR WindowsR Operating System
   FileDesc:   Windows 用 Microsoft OLE
   FileVer:    10.0.14393.576
   ProdVer:    10.0.14393.576

Module 90
C:\WINDOWS\System32\powrprof.dll
Image Base: 0x76ea0000  Image Size: 0x00045000
File Size:  275832      File Time:  2016-07-16_204256
Version:
   Company:    Microsoft Corporation
   Product:    MicrosoftR WindowsR Operating System
   FileDesc:   電源プロファイル ヘルパー DLL
   FileVer:    10.0.14393.0
   ProdVer:    10.0.14393.0

Module 91
C:\WINDOWS\System32\msvcrt.dll
Image Base: 0x76ef0000  Image Size: 0x000be000
File Size:  773168      File Time:  2016-07-16_204250
Version:
   Company:    Microsoft Corporation
   Product:    MicrosoftR WindowsR Operating System
   FileDesc:   Windows NT CRT DLL
   FileVer:    7.0.14393.0
   ProdVer:    10.0.14393.0

Module 92
C:\WINDOWS\System32\KERNEL32.DLL
Image Base: 0x76fb0000  Image Size: 0x000e0000
File Size:  616048      File Time:  2016-07-16_204246
Version:
   Company:    Microsoft Corporation
   Product:    MicrosoftR WindowsR Operating System
   FileDesc:   Windows NT ベース API クライアント DLL
   FileVer:    10.0.14393.0
   ProdVer:    10.0.14393.0

Module 93
C:\WINDOWS\System32\SETUPAPI.dll
Image Base: 0x77200000  Image Size: 0x0040b000
File Size:  4268368     File Time:  2016-07-16_204246
Version:
   Company:    Microsoft Corporation
   Product:    MicrosoftR WindowsR Operating System
   FileDesc:   Windows セットアップ API
   FileVer:    10.0.14393.0
   ProdVer:    10.0.14393.0

Module 94
C:\WINDOWS\System32\WS2_32.dll
Image Base: 0x77610000  Image Size: 0x00063000
File Size:  402352      File Time:  2016-12-29_160840
Version:
   Company:    Microsoft Corporation
   Product:    MicrosoftR WindowsR Operating System
   FileDesc:   Windows Socket 2.0 32 ビット DLL
   FileVer:    10.0.14393.206
   ProdVer:    10.0.14393.206

Module 95
C:\WINDOWS\System32\msvcp_win.dll
Image Base: 0x77680000  Image Size: 0x0007b000
File Size:  498408      File Time:  2016-07-16_204256
Version:
   Company:    Microsoft Corporation
   Product:    MicrosoftR WindowsR Operating System
   FileDesc:   MicrosoftR C Runtime Library
   FileVer:    10.0.14393.0
   ProdVer:    10.0.14393.0

Module 96
C:\WINDOWS\System32\win32u.dll
Image Base: 0x77700000  Image Size: 0x00015000
File Size:  79536       File Time:  2016-12-29_160822
Version:
   Company:    Microsoft Corporation
   Product:    MicrosoftR WindowsR Operating System
   FileDesc:   Win32u
   FileVer:    10.0.14393.51
   ProdVer:    10.0.14393.51

Module 97
C:\WINDOWS\System32\GDI32.dll
Image Base: 0x777e0000  Image Size: 0x0002b000
File Size:  170960      File Time:  2016-12-29_160824
Version:
   Company:    Microsoft Corporation
   Product:    MicrosoftR WindowsR Operating System
   FileDesc:   GDI Client DLL
   FileVer:    10.0.14393.206
   ProdVer:    10.0.14393.206

Module 98
C:\WINDOWS\System32\clbcatq.dll
Image Base: 0x77810000  Image Size: 0x00084000
File Size:  528360      File Time:  2016-07-16_204248
Version:
   Company:    Microsoft Corporation
   Product:    MicrosoftR WindowsR Operating System
   FileDesc:   COM+ Configuration Catalog
   FileVer:    2001.12.10941.16384
   ProdVer:    10.0.14393.0

Module 99
C:\WINDOWS\System32\MSCTF.dll
Image Base: 0x778a0000  Image Size: 0x00135000
File Size:  1260784     File Time:  2017-03-04_154230
Version:
   Company:    Microsoft Corporation
   Product:    MicrosoftR WindowsR Operating System
   FileDesc:   MSCTF サーバー DLL
   FileVer:    10.0.14393.953
   ProdVer:    10.0.14393.953

Module 100
C:\WINDOWS\System32\shcore.dll
Image Base: 0x77a80000  Image Size: 0x00088000
File Size:  549088      File Time:  2017-03-04_155300
Version:
   Company:    Microsoft Corporation
   Product:    MicrosoftR WindowsR Operating System
   FileDesc:   SHCORE
   FileVer:    10.0.14393.953
   ProdVer:    10.0.14393.953

Module 101
C:\WINDOWS\System32\bcryptPrimitives.dll
Image Base: 0x77c00000  Image Size: 0x0005a000
File Size:  367208      File Time:  2016-07-16_204228
Version:
   Company:    Microsoft Corporation
   Product:    MicrosoftR WindowsR Operating System
   FileDesc:   Windows Cryptographic Primitives Library
   FileVer:    10.0.14393.0
   ProdVer:    10.0.14393.0

Module 102
C:\WINDOWS\System32\OLEAUT32.dll
Image Base: 0x77c60000  Image Size: 0x00094000
File Size:  601712      File Time:  2016-12-29_161638
Version:
   Company:    Microsoft Corporation
   Product:    MicrosoftR WindowsR Operating System
   FileDesc:   OLEAUT32.DLL
   FileVer:    10.0.14393.447
   ProdVer:    10.0.14393.447

Module 103
C:\WINDOWS\System32\profapi.dll
Image Base: 0x77d00000  Image Size: 0x0000f000
File Size:  54752       File Time:  2016-07-16_204250
Version:
   Company:    Microsoft Corporation
   Product:    MicrosoftR WindowsR Operating System
   FileDesc:   User Profile Basic API
   FileVer:    10.0.14393.0
   ProdVer:    10.0.14393.0

Module 104
C:\WINDOWS\System32\PSAPI.DLL
Image Base: 0x77d20000  Image Size: 0x00006000
File Size:  17048       File Time:  2016-07-16_204246
Version:
   Company:    Microsoft Corporation
   Product:    MicrosoftR WindowsR Operating System
   FileDesc:   Process Status Helper
   FileVer:    10.0.14393.0
   ProdVer:    10.0.14393.0

Module 105
C:\WINDOWS\SYSTEM32\ntdll.dll
Image Base: 0x77d30000  Image Size: 0x00183000
File Size:  1572768     File Time:  2016-12-29_161700
Version:
   Company:    Microsoft Corporation
   Product:    MicrosoftR WindowsR Operating System
   FileDesc:   NT レイヤー DLL
   FileVer:    10.0.14393.479
   ProdVer:    10.0.14393.479


== [end of error.log] ==
