Unity Player [version: Unity 5.5.2f1_3829d7f588f3]

coinking.exe caused an Access Violation (0xc0000005)
  in module coinking.exe at 0023:010233ff.

Error occurred at 2017-03-27_194038.
D:\Users\pieaf\Documents\CoinKings\coinking.exe, run by pieaf.
26% memory in use.
0 MB physical memory [0 MB free].
0 MB paging file [0 MB free].
0 MB user address space [3629 MB free].
Read from location 2401a1de caused an access violation.

Context:
EDI:    0x050574a0  ESI: 0x050562f0  EAX:   0x00000000
EBX:    0x05056db0  ECX: 0x1ffffffe  EDX:   0x0401a1e0
EIP:    0x010233ff  EBP: 0x01cff3f0  SegCs: 0x00000023
EFlags: 0x00210213  ESP: 0x01cff378  SegSs: 0x0000002b

Bytes at CS:EIP:
8a 1c 11 8b 4e 60 0f b6 d3 03 c9 2b ca 8b 96 9c 

Stack:
0x01cff378: 03f9eff0 00000000 050562f0 132047b0 .........b...G .
0x01cff388: 132056f0 132056f0 13203f50 13203f50 .V ..V .P? .P? .
0x01cff398: 132047b0 01cff3b8 13203f50 01cff3e0 .G .....P? .....
0x01cff3a8: 132056f0 05963330 0401a1e0 05ea8fe0 .V .03..........
0x01cff3b8: 01cff3d0 05964130 132047b0 0556db60 ....0A...G .`.V.
0x01cff3c8: 05ea8f10 00002000 01cff3fc 006785bf ..... ........g.
0x01cff3d8: 01cff3f8 03f9efe0 050574a0 05056db0 .........t...m..
0x01cff3e8: 00000000 01cff400 01cff424 010238de ........$....8..
0x01cff3f8: 00000000 0505640c 05056410 05056414 .....d...d...d..
0x01cff408: 010225d9 00001f80 010803ec 0505631c .%...........c..
0x01cff418: 00f52cae 050562fc 00009fc0 01cff4bc .,...b..........
0x01cff428: 008e3402 0556db60 05571810 73796850 .4..`.V...W.Phys
0x01cff438: 78502e58 70615373 7061732e 61647055 X.PxsSap.sapUpda
0x01cff448: 6f576574 00006b72 00000000 00000000 teWork..........
0x01cff458: 00000000 00000000 00000000 00000000 ................
0x01cff468: 00000000 00000000 00000000 00000000 ................
0x01cff478: 00000000 00000000 00000000 00000000 ................
0x01cff488: 00000000 00000000 00000000 00000000 ................
0x01cff498: 00000000 00000000 00000000 00000000 ................
0x01cff4a8: 00000000 00000000 00000000 00000000 ................
0x01cff4b8: 05560000 01cff4e8 005cf30b 050562fc ..V.......\..b..
0x01cff4c8: 03f2b510 0556db60 05070801 03f2b510 ....`.V.........
0x01cff4d8: 00000000 05571810 00000000 05070801 ......W.........
0x01cff4e8: 01cffa20 005cfc25 0556db60 0000aa80  ...%.\.`.V.....
0x01cff4f8: 00000001 00000000 0170b3a0 008d32bf ..........p..2..
0x01cff508: 0170b410 008e9c85 76762480 76756760 ..p......$vv`guv
0x01cff518: 00000004 00000000 00000005 00000001 ................
0x01cff528: 00000002 00000016 00000000 00000000 ................
0x01cff538: 00000000 0000000f 00000011 00000000 ................
0x01cff548: 00000000 0000001a 00000190 00000660 ............`...
0x01cff558: 00000000 00000000 00000000 00000000 ................
0x01cff568: 00000000 00000000 00000000 00000000 ................
0x01cff578: 00000000 00000000 00000000 00000000 ................
0x01cff588: 00000000 00000000 00000000 00000000 ................
0x01cff598: 00000000 00000000 00000000 00000000 ................
0x01cff5a8: 00000000 00000000 00000000 00000000 ................
0x01cff5b8: 00000000 00000000 00000000 00000000 ................
0x01cff5c8: 00000000 00000000 00000000 00000000 ................
0x01cff5d8: 00000001 00000000 00000000 00000000 ................
0x01cff5e8: 00000000 00000000 00000001 00000003 ................
0x01cff5f8: 00000000 00000000 00000000 00000000 ................
0x01cff608: 00000000 00000000 00000000 00000000 ................
0x01cff618: 00000000 00000000 00000000 00000000 ................
0x01cff628: 00000000 00000000 00000000 00000000 ................
0x01cff638: 00000000 00000000 00000000 00000000 ................
0x01cff648: 00000000 00000000 00000000 00000000 ................
0x01cff658: 00000000 00000000 00000000 00000000 ................
0x01cff668: 00000000 00000000 00000000 00000000 ................
0x01cff678: 00000000 00000000 00000000 00000000 ................
0x01cff688: 00000000 00000000 00000000 00000000 ................
0x01cff698: 00000000 00000000 00000000 00000000 ................
0x01cff6a8: 00000000 00000000 00000000 00000000 ................
0x01cff6b8: 00000000 00000000 00000000 00000000 ................
0x01cff6c8: 00000000 00000000 00000000 00000000 ................
0x01cff6d8: 00000000 00000000 00000000 00000000 ................
0x01cff6e8: 00000000 00000000 00000000 00000000 ................
0x01cff6f8: 00000000 00000000 00000000 00000000 ................
0x01cff708: 00000000 00000000 00000000 00000000 ................
0x01cff718: 00000000 00000000 00000000 00000000 ................
0x01cff728: 00000000 00000000 00000000 00000000 ................
0x01cff738: 00000000 00000000 00000000 00000000 ................
0x01cff748: 00000000 00000000 00000000 00000000 ................
0x01cff758: 00000000 00000000 00000000 00000000 ................
0x01cff768: 00000000 00000000 00000000 00000000 ................
0x01cff778: 00000000 00000000 00000000 00000000 ................
0x01cff788: 00000000 00000000 00000000 00000000 ................
0x01cff798: 00000000 00000000 00000000 00000000 ................
0x01cff7a8: 00000000 00000000 00000000 00000000 ................
0x01cff7b8: 00000000 00000000 00000000 00000000 ................
0x01cff7c8: 00000000 00000000 00000000 00000000 ................
0x01cff7d8: 00000000 00000000 00000000 00000000 ................
0x01cff7e8: 00000000 00000000 00000000 00000000 ................
0x01cff7f8: 00000000 00000000 00000000 00000000 ................
0x01cff808: 00000000 00000000 00000000 00000000 ................
0x01cff818: 00000000 00000000 00000000 00000001 ................
0x01cff828: 00000000 00000000 00000000 00000000 ................
0x01cff838: 00000000 00000001 00000000 00000000 ................
0x01cff848: 00000000 00000000 00000000 00000000 ................
0x01cff858: 00000000 00000000 00000000 00000000 ................
0x01cff868: 00000000 00000000 00000000 00000000 ................
0x01cff878: 00000000 00000000 00000000 00000004 ................
0x01cff888: 00000000 00000000 00000000 1057fae0 ..............W.
0x01cff898: 00000001 11cf3700 01cff8ec 01cff9e4 .....7..........
0x01cff8a8: 00000000 1057fae0 00000001 00000000 ......W.........
0x01cff8b8: 00000000 00000000 11cf3700 1057fae0 .........7....W.
0x01cff8c8: 051d1de0 00000001 01cff9dc 40e30e88 ...............@
0x01cff8d8: 3f96b78a 4177c195 11cf3700 051d1de0 ...?..wA.7......
0x01cff8e8: 00000000 00000001 3f800000 3f800000 ...........?...?
0x01cff8f8: 3f800000 3f800000 80000000 80000000 ...?...?........
0x01cff908: 80000000 00000000 3f7ffe00 3f7ffe00 ...........?...?
0x01cff918: 3f7ffe00 3f7ffe00 00000000 00000000 ...?...?........
0x01cff928: 00000000 00000000 00000000 3f800000 ...............?
0x01cff938: 00000000 00000000 80000000 80000000 ................
0x01cff948: 00000000 00000000 00000000 00000000 ................
0x01cff958: 00000000 00000000 00000000 00000000 ................
0x01cff968: 00000000 00000000 00000000 00000000 ................
0x01cff978: 00000000 003a626f 0506b6e0 0506b6e0 ....ob:.........
0x01cff988: 00000000 00000000 00000000 3f800000 ...............?
0x01cff998: 0506b6e0 0169e0c0 0169daa0 00000000 ......i...i.....
0x01cff9a8: 01cff9c4 00000000 0506b6e0 1057fae0 ..............W.
0x01cff9b8: 00000001 11cf3700 00000000 ffffe9d4 .....7..........
0x01cff9c8: 00000000 76762480 76756760 0504b580 .....$vv`guv....
0x01cff9d8: 00000000 00000000 05568e10 00000000 ..........V.....
0x01cff9e8: 00000000 01cffa18 01cffa20 3ca3d70a ........ ......<
0x01cff9f8: 05070760 00a1f52e 76762480 76756760 `........$vv`guv
0x01cffa08: 01cffa08 01cffa08 03f5fbf8 00000000 ................
0x01cffa18: 05070a40 0170b428 01cffa58 0063b94b @...(.p.X...K.c.
0x01cffa28: 00c3c30e 00c3c4c9 00000000 00000001 ................
0x01cffa38: 000f0826 00000200 00000000 03bd0370 &...........p...
0x01cffa48: 0c9b2105 000004ed 000003d7 00000840 .!..........@...
0x01cffa58: 01cffb90 00c3f009 00d2539b 00000000 .........S......
0x01cffa68: 01b7a000 0045004c 00450056 00d4004c ....L.E.V.E.L...
0x01cffa78: 0000000f 7fffffff 00d40e9c 0000000f ................
0x01cffa88: 00000003 03a61fc8 015d6c80 01cffa58 .........l].X...
0x01cffa98: 03a61aa8 015957c8 01cffa58 03f332c0 .....WY.X....2..
0x01cffaa8: 038dc480 a6a133f7 01cffae0 00000039 .....3......9...
0x01cffab8: 0000003f 00000000 03f33260 0000000f ?.......`2......
0x01cffac8: 0000000f 000003a4 0000003e 0000003f ........>...?...
0x01cffad8: 00000000 03f33500 01cffb20 00d328af .....5.. ....(..
0x01cffae8: 01cffb10 0000003f 0000003f 00000000 ....?...?.......
0x01cffaf8: 03f33620 015d6c80 0000000f 000003a4  6...l].........
0x01cffb08: 00000030 0000003f 00000000 6f6e6f00 0...?........ono
0x01cffb18: 6e6f6d2f 6c642e6f 0000006c 00000000 /mono.dll.......
0x01cffb28: 0000000f 00000000 03f33320 03f33358 ........ 3..X3..
0x01cffb38: 03f33358 00000000 65726100 5748746e X3.......arentHW
0x01cffb48: 0000444e 51515407 00000000 0000000f ND...TQQ........
0x01cffb58: 00000000 038dc4a0 65646900 646e6957 .........ideWind
0x01cffb68: 0100776f 00d1e730 00000000 0000000f ow..0...........
0x01cffb78: 00000000 00000000 038dc4a0 038dc4f0 ................
0x01cffb88: 00000000 00b7a001 01cffba8 00ce85a8 ................
0x01cffb98: 00390000 00000000 01f73542 00000001 ..9.....B5......
0x01cffba8: 01cffc38 00d25348 00390000 00000000 8...HS....9.....
0x01cffbb8: 01f73542 00000001 a6a1357f 00d2539b B5.......5...S..
0x01cffbc8: 00d2539b 01b7a000 00000044 01f71d8a .S......D.......
0x01cffbd8: 01f71d6a 01f71d0a 00000000 00000000 j...............
0x01cffbe8: 00000000 00000000 00000000 00000000 ................
0x01cffbf8: 00000000 00000401 00000001 00000000 ................
0x01cffc08: 00000000 0001009b 00000000 c0000005 ................
0x01cffc18: 00d2539b 00000000 01cffbc0 01cfedac .S..............
0x01cffc28: 01cffc84 00d26da0 a60aa557 00000000 .....m..W.......
0x01cffc38: 01cffc4c 76fc62c4 01b7a000 76fc62a0 L....b.v.....b.v
0x01cffc48: 51b35fc1 01cffc94 77d90fd9 01b7a000 ._.Q.......w....
0x01cffc58: 515153ab 00000000 00000000 01b7a000 .SQQ............
0x01cffc68: c0000005 00000000 01cfed8c 76b1d2e0 ...............v
0x01cffc78: 515153ab 01cffc58 01cfed8c 01cffc9c .SQQX...........
0x01cffc88: 77da67b0 277c282f 00000000 01cffca4 .g.w/(|'........
0x01cffc98: 77d90fa4 ffffffff 77db2ef7 00000000 ...w.......w....
0x01cffca8: 00000000 00d2539b 01b7a000 00000000 .....S..........
0x01cffcb8: 00000000 00000000 00000000 00000000 ................
0x01cffcc8: 00000000 00000000 00000000 00000000 ................
0x01cffcd8: 00000000 00000000 00000000 00000000 ................
0x01cffce8: 00000000 00000000 00000000 00000000 ................
0x01cffcf8: 00000000 00000000 00000000 00000000 ................
0x01cffd08: 00000000 00000000 00000000 00000000 ................
0x01cffd18: 00000000 00000000 00000000 00000000 ................
0x01cffd28: 00000000 00000000 00000000 00000000 ................
0x01cffd38: 00000000 00000000 00000000 00000000 ................
0x01cffd48: 00000000 00000000 00000000 00000000 ................
0x01cffd58: 00000000 00000000 00000000 00000000 ................
0x01cffd68: 00000000 00000000 00000000 00000000 ................
0x01cffd78: 00000000 00000000 00000000 00000000 ................
0x01cffd88: 00000000 00000000 00000000 00000000 ................
0x01cffd98: 00000000 00000000 00000000 00000000 ................
0x01cffda8: 00000000 00000000 00000000 00000000 ................
0x01cffdb8: 00000000 00000000 00000000 00000000 ................
0x01cffdc8: 00000000 00000000 00000000 00000000 ................
0x01cffdd8: 00000000 00000000 00000000 00000000 ................
0x01cffde8: 00000000 00000000 00000000 00000000 ................
0x01cffdf8: 00000000 00000000 00000000 00000000 ................
0x01cffe08: 00000000 00000000 00000000 00000000 ................
0x01cffe18: 00000000 00000000 00000000 00000000 ................
0x01cffe28: 00000000 00000000 00000000 00000000 ................
0x01cffe38: 00000000 00000000 00000000 00000000 ................
0x01cffe48: 00000000 00000000 00000000 00000000 ................
0x01cffe58: 00000000 00000000 00000000 00000000 ................
0x01cffe68: 00000000 00000000 00000000 00000000 ................
0x01cffe78: 00000000 00000000 00000000 00000000 ................
0x01cffe88: 00000000 00000000 00000000 00000000 ................
0x01cffe98: 00000000 00000000 00000000 00000000 ................
0x01cffea8: 00000000 00000000 00000000 00000000 ................
0x01cffeb8: 00000000 00000000 00000000 00000000 ................
0x01cffec8: 00000000 00000000 00000000 00000000 ................
0x01cffed8: 00000000 00000000 00000000 00000000 ................
0x01cffee8: 00000000 00000000 00000000 00000000 ................
0x01cffef8: 00000000 00000000 00000000 00000000 ................
0x01cfff08: 00000000 00000000 00000000 00000000 ................
0x01cfff18: 00000000 00000000 00000000 00000000 ................
0x01cfff28: 00000000 00000000 00000000 00000000 ................
0x01cfff38: 00000000 00000000 00000000 00000000 ................
0x01cfff48: 00000000 00000000 00000000 00000000 ................
0x01cfff58: 00000000 00000000 00000000 00000000 ................
0x01cfff68: 00000000 00000000 00000000 00000000 ................
0x01cfff78: 00000000 00000000 00000000 00000000 ................
0x01cfff88: 00000000 00000000 00000000 00000000 ................
0x01cfff98: 00000000 00000000 00000000 00000000 ................
0x01cfffa8: 00000000 00000000 00000000 00000000 ................
0x01cfffb8: 00000000 00000000 00000000 00000000 ................
0x01cfffc8: 00000000 00000000 00000000 00000000 ................
0x01cfffd8: 00000000 00000000 00000000 00000000 ................
0x01cfffe8: 00000000 00000000 00000000 00000000 ................
0x01cffff8: 00000000 00000000                   ........

Module 1
D:\Users\pieaf\Documents\CoinKings\coinking.exe
Image Base: 0x00390000  Image Size: 0x01544000
File Size:  21348352    File Time:  2017-02-22_200304
Version:
   Company:    
   Product:    
   FileDesc:   
   FileVer:    5.5.2.10711
   ProdVer:    5.5.2.10711

Module 2
D:\Users\pieaf\Documents\CoinKings\coinking_Data\Mono\mono.dll
Image Base: 0x10000000  Image Size: 0x00231000
File Size:  2115008     File Time:  2017-02-22_203522
Version:
   Company:    Unity Technologies
   Product:    libmono
   FileDesc:   Unity Technologies fork of mono runtime
   FileVer:    1.0.0.1
   ProdVer:    1.0.0.1

Module 3
C:\WINDOWS\SYSTEM32\xinput1_3.dll
Image Base: 0x00400000  Image Size: 0x00016000
File Size:  81768       File Time:  2007-04-04_185342
Version:
   Company:    Microsoft Corporation
   Product:    MicrosoftR DirectX for WindowsR
   FileDesc:   Microsoft Common Controller API
   FileVer:    9.18.944.0
   ProdVer:    9.18.944.0

Module 4
C:\WINDOWS\SYSTEM32\DCIMAN32.dll
Image Base: 0x51c80000  Image Size: 0x00007000
File Size:  11776       File Time:  2016-07-16_204250
Version:
   Company:    Microsoft Corporation
   Product:    MicrosoftR WindowsR Operating System
   FileDesc:   DCI Manager
   FileVer:    10.0.14393.0
   ProdVer:    10.0.14393.0

Module 5
C:\WINDOWS\SYSTEM32\GLU32.dll
Image Base: 0x51c90000  Image Size: 0x00025000
File Size:  141312      File Time:  2016-07-16_204306
Version:
   Company:    Microsoft Corporation
   Product:    MicrosoftR WindowsR Operating System
   FileDesc:   OpenGL ユーティリティ ライブラリ DLL
   FileVer:    10.0.14393.0
   ProdVer:    10.0.14393.0

Module 6
C:\WINDOWS\SYSTEM32\DDRAW.dll
Image Base: 0x51cc0000  Image Size: 0x000ed000
File Size:  548352      File Time:  2017-03-04_151812
Version:
   Company:    Microsoft Corporation
   Product:    MicrosoftR WindowsR Operating System
   FileDesc:   Microsoft DirectDraw
   FileVer:    10.0.14393.953
   ProdVer:    10.0.14393.953

Module 7
C:\WINDOWS\SYSTEM32\OPENGL32.dll
Image Base: 0x52370000  Image Size: 0x000e0000
File Size:  786944      File Time:  2016-07-16_204306
Version:
   Company:    Microsoft Corporation
   Product:    MicrosoftR WindowsR Operating System
   FileDesc:   OpenGL Client DLL
   FileVer:    10.0.14393.0
   ProdVer:    10.0.14393.0

Module 8
C:\Windows\System32\OneCoreCommonProxyStub.dll
Image Base: 0x53be0000  Image Size: 0x00028000
File Size:  146432      File Time:  2016-07-16_204256
Version:
   Company:    Microsoft Corporation
   Product:    MicrosoftR WindowsR Operating System
   FileDesc:   OneCore Common Proxy Stub
   FileVer:    10.0.14393.0
   ProdVer:    10.0.14393.0

Module 9
C:\WINDOWS\SYSTEM32\midimap.dll
Image Base: 0x59de0000  Image Size: 0x00008000
File Size:  18944       File Time:  2016-07-16_204250
Version:
   Company:    Microsoft Corporation
   Product:    MicrosoftR WindowsR Operating System
   FileDesc:   Microsoft MIDI Mapper
   FileVer:    10.0.14393.0
   ProdVer:    10.0.14393.0

Module 10
C:\WINDOWS\SYSTEM32\msacm32.drv
Image Base: 0x59df0000  Image Size: 0x0000a000
File Size:  24576       File Time:  2016-07-16_204250
Version:
   Company:    Microsoft Corporation
   Product:    MicrosoftR WindowsR Operating System
   FileDesc:   Microsoft サウンド マッパー
   FileVer:    10.0.14393.0
   ProdVer:    10.0.14393.0

Module 11
C:\WINDOWS\SYSTEM32\wdmaud.drv
Image Base: 0x59e20000  Image Size: 0x00039000
File Size:  207360      File Time:  2016-07-16_204250
Version:
   Company:    Microsoft Corporation
   Product:    MicrosoftR WindowsR Operating System
   FileDesc:   Winmm オーディオ システム ドライバー
   FileVer:    10.0.14393.0
   ProdVer:    10.0.14393.0

Module 12
C:\WINDOWS\SYSTEM32\ksuser.dll
Image Base: 0x63390000  Image Size: 0x00007000
File Size:  20672       File Time:  2016-07-16_204250
Version:
   Company:    Microsoft Corporation
   Product:    MicrosoftR WindowsR Operating System
   FileDesc:   User CSA Library
   FileVer:    10.0.14393.0
   ProdVer:    10.0.14393.0

Module 13
C:\WINDOWS\system32\wbem\fastprox.dll
Image Base: 0x63850000  Image Size: 0x000c2000
File Size:  779776      File Time:  2016-07-16_204258
Version:
   Company:    Microsoft Corporation
   Product:    MicrosoftR WindowsR Operating System
   FileDesc:   WMI Custom Marshaller
   FileVer:    10.0.14393.0
   ProdVer:    10.0.14393.0

Module 14
C:\WINDOWS\SYSTEM32\wbemcomn.dll
Image Base: 0x63920000  Image Size: 0x00067000
File Size:  391168      File Time:  2016-07-16_204258
Version:
   Company:    Microsoft Corporation
   Product:    MicrosoftR WindowsR Operating System
   FileDesc:   WMI
   FileVer:    10.0.14393.0
   ProdVer:    10.0.14393.0

Module 15
C:\Windows\System32\IME\shared\imecfm.dll
Image Base: 0x63d10000  Image Size: 0x00029000
File Size:  147968      File Time:  2016-12-29_161638
Version:
   Company:    Microsoft Corporation
   Product:    MicrosoftR WindowsR Operating System
   FileDesc:   Microsoft IME
   FileVer:    10.0.14393.447
   ProdVer:    10.0.14393.447

Module 16
C:\WINDOWS\SYSTEM32\DUI70.dll
Image Base: 0x64440000  Image Size: 0x00168000
File Size:  1453568     File Time:  2016-07-16_204306
Version:
   Company:    Microsoft Corporation
   Product:    MicrosoftR WindowsR Operating System
   FileDesc:   Windows DirectUI エンジン
   FileVer:    10.0.14393.0
   ProdVer:    10.0.14393.0

Module 17
C:\Windows\System32\IME\shared\imetip.dll
Image Base: 0x645b0000  Image Size: 0x00114000
File Size:  1114112     File Time:  2017-03-04_150058
Version:
   Company:    Microsoft Corporation
   Product:    MicrosoftR WindowsR Operating System
   FileDesc:   Microsoft IME
   FileVer:    10.0.14393.953
   ProdVer:    10.0.14393.953

Module 18
C:\Windows\System32\IME\IMEJP\imjppred.dll
Image Base: 0x647d0000  Image Size: 0x000ad000
File Size:  690688      File Time:  2017-03-04_151240
Version:
   Company:    Microsoft Corporation
   Product:    MicrosoftR WindowsR Operating System
   FileDesc:   Microsoft IME
   FileVer:    10.0.14393.953
   ProdVer:    10.0.14393.953

Module 19
C:\WINDOWS\SYSTEM32\msvcp110_win.dll
Image Base: 0x64880000  Image Size: 0x00067000
File Size:  415256      File Time:  2016-07-16_204256
Version:
   Company:    Microsoft Corporation
   Product:    MicrosoftR WindowsR Operating System
   FileDesc:   MicrosoftR STL110 C++ Runtime Library
   FileVer:    10.0.14393.0
   ProdVer:    10.0.14393.0

Module 20
C:\WINDOWS\SYSTEM32\policymanager.dll
Image Base: 0x648f0000  Image Size: 0x0003f000
File Size:  248992      File Time:  2017-03-04_155604
Version:
   Company:    Microsoft Corporation
   Product:    MicrosoftR WindowsR Operating System
   FileDesc:   Policy Manager DLL
   FileVer:    10.0.14393.953
   ProdVer:    10.0.14393.953

Module 21
C:\Windows\System32\IME\shared\imjkapi.dll
Image Base: 0x649c0000  Image Size: 0x0002f000
File Size:  178688      File Time:  2016-12-29_161638
Version:
   Company:    Microsoft Corporation
   Product:    MicrosoftR WindowsR Operating System
   FileDesc:   Microsoft IME
   FileVer:    10.0.14393.447
   ProdVer:    10.0.14393.447

Module 22
C:\Windows\System32\IME\IMEJP\imjpapi.dll
Image Base: 0x649f0000  Image Size: 0x001c5000
File Size:  1753088     File Time:  2016-12-29_161654
Version:
   Company:    Microsoft Corporation
   Product:    MicrosoftR WindowsR Operating System
   FileDesc:   Microsoft IME
   FileVer:    10.0.14393.447
   ProdVer:    10.0.14393.447

Module 23
C:\Windows\System32\IME\SHARED\imesearchdll.dll
Image Base: 0x64c50000  Image Size: 0x0001a000
File Size:  97280       File Time:  2016-12-29_161638
Version:
   Company:    Microsoft Corporation
   Product:    MicrosoftR WindowsR Operating System
   FileDesc:   IME search module
   FileVer:    10.0.14393.447
   ProdVer:    10.0.14393.447

Module 24
C:\Windows\System32\IME\IMEJP\imjptip.dll
Image Base: 0x64c90000  Image Size: 0x00297000
File Size:  2641408     File Time:  2017-03-04_150042
Version:
   Company:    Microsoft Corporation
   Product:    MicrosoftR WindowsR Operating System
   FileDesc:   Microsoft IME
   FileVer:    10.0.14393.953
   ProdVer:    10.0.14393.953

Module 25
C:\WINDOWS\system32\wbem\wbemsvc.dll
Image Base: 0x66d30000  Image Size: 0x00010000
File Size:  48640       File Time:  2016-07-16_204258
Version:
   Company:    Microsoft Corporation
   Product:    MicrosoftR WindowsR Operating System
   FileDesc:   WMI
   FileVer:    10.0.14393.0
   ProdVer:    10.0.14393.0

Module 26
C:\WINDOWS\system32\wbem\wbemprox.dll
Image Base: 0x66dd0000  Image Size: 0x0000d000
File Size:  35328       File Time:  2016-07-16_204258
Version:
   Company:    Microsoft Corporation
   Product:    MicrosoftR WindowsR Operating System
   FileDesc:   WMI
   FileVer:    10.0.14393.0
   ProdVer:    10.0.14393.0

Module 27
C:\WINDOWS\SYSTEM32\edputil.dll
Image Base: 0x66e20000  Image Size: 0x0003d000
File Size:  232448      File Time:  2016-07-16_204304
Version:
   Company:    Microsoft Corporation
   Product:    MicrosoftR WindowsR Operating System
   FileDesc:   EDP ユーティリティ
   FileVer:    10.0.14393.0
   ProdVer:    10.0.14393.0

Module 28
C:\Windows\System32\ActXPrxy.dll
Image Base: 0x697a0000  Image Size: 0x00186000
File Size:  1576448     File Time:  2016-12-29_161638
Version:
   Company:    Microsoft Corporation
   Product:    MicrosoftR WindowsR Operating System
   FileDesc:   ActiveX Interface Marshaling Library
   FileVer:    10.0.14393.479
   ProdVer:    10.0.14393.479

Module 29
C:\WINDOWS\System32\DriverStore\FileRepository\c0309377.inf_amd64_7ab08912e1e1da0a\atidxx32.dll
Image Base: 0x6a860000  Image Size: 0x008a4000
File Size:  9270872     File Time:  2017-01-25_012804
Version:
   Company:    Advanced Micro Devices, Inc. 
   Product:    Advanced Micro Devices, Inc. Radeon DirectX 11 Driver
   FileDesc:   atidxx32.dll
   FileVer:    21.19.137.514
   ProdVer:    8.17.10.690

Module 30
C:\WINDOWS\SYSTEM32\HID.DLL
Image Base: 0x6d870000  Image Size: 0x0000a000
File Size:  25600       File Time:  2016-07-16_204250
Version:
   Company:    Microsoft Corporation
   Product:    MicrosoftR WindowsR Operating System
   FileDesc:   HID ユーザー ライブラリ
   FileVer:    10.0.14393.0
   ProdVer:    10.0.14393.0

Module 31
C:\WINDOWS\SYSTEM32\MSACM32.dll
Image Base: 0x6d9e0000  Image Size: 0x00018000
File Size:  90912       File Time:  2016-07-16_204250
Version:
   Company:    Microsoft Corporation
   Product:    MicrosoftR WindowsR Operating System
   FileDesc:   Microsoft ACM オーディオ フィルター
   FileVer:    10.0.14393.0
   ProdVer:    10.0.14393.0

Module 32
C:\WINDOWS\System32\DriverStore\FileRepository\c0309377.inf_amd64_7ab08912e1e1da0a\atiuxpag.dll
Image Base: 0x6da80000  Image Size: 0x00025000
File Size:  160592      File Time:  2017-01-25_012804
Version:
   Company:    Advanced Micro Devices, Inc. 
   Product:    Advanced Micro Devices, Inc PowerXpress Vista DX10 User Mode Driver
   FileDesc:   atiuxpag.dll
   FileVer:    21.19.137.514
   ProdVer:    8.14.1.6525

Module 33
C:\WINDOWS\System32\DriverStore\FileRepository\c0309377.inf_amd64_7ab08912e1e1da0a\aticfx32.dll
Image Base: 0x6dab0000  Image Size: 0x00138000
File Size:  1312784     File Time:  2017-01-25_012802
Version:
   Company:    Advanced Micro Devices, Inc. 
   Product:    AMD Inc. Radeon DirectX 11 Driver
   FileDesc:   aticfx32.dll
   FileVer:    21.19.137.514
   ProdVer:    8.17.10.1484

Module 34
C:\WINDOWS\SYSTEM32\dxgi.dll
Image Base: 0x6e410000  Image Size: 0x00083000
File Size:  524776      File Time:  2017-03-04_155404
Version:
   Company:    Microsoft Corporation
   Product:    MicrosoftR WindowsR Operating System
   FileDesc:   DirectX Graphics Infrastructure
   FileVer:    10.0.14393.953
   ProdVer:    10.0.14393.953

Module 35
C:\WINDOWS\SYSTEM32\d3d11.dll
Image Base: 0x6e5c0000  Image Size: 0x00230000
File Size:  2277288     File Time:  2017-03-04_155414
Version:
   Company:    Microsoft Corporation
   Product:    MicrosoftR WindowsR Operating System
   FileDesc:   Direct3D 11 Runtime
   FileVer:    10.0.14393.953
   ProdVer:    10.0.14393.953

Module 36
C:\WINDOWS\SYSTEM32\AVRT.dll
Image Base: 0x6e8f0000  Image Size: 0x00009000
File Size:  29448       File Time:  2016-07-16_204250
Version:
   Company:    Microsoft Corporation
   Product:    MicrosoftR WindowsR Operating System
   FileDesc:   Multimedia Realtime Runtime
   FileVer:    10.0.14393.0
   ProdVer:    10.0.14393.0

Module 37
C:\WINDOWS\SYSTEM32\wintypes.dll
Image Base: 0x6eff0000  Image Size: 0x000cf000
File Size:  846560      File Time:  2017-03-04_155046
Version:
   Company:    Microsoft Corporation
   Product:    MicrosoftR WindowsR Operating System
   FileDesc:   Windows ベース タイプ DLL
   FileVer:    10.0.14393.953
   ProdVer:    10.0.14393.953

Module 38
C:\Windows\System32\rasadhlp.dll
Image Base: 0x70410000  Image Size: 0x00008000
File Size:  13312       File Time:  2016-07-16_204302
Version:
   Company:    Microsoft Corporation
   Product:    MicrosoftR WindowsR Operating System
   FileDesc:   Remote Access AutoDial Helper
   FileVer:    10.0.14393.0
   ProdVer:    10.0.14393.0

Module 39
C:\WINDOWS\SYSTEM32\DNSAPI.dll
Image Base: 0x70450000  Image Size: 0x0007d000
File Size:  497416      File Time:  2017-03-04_160934
Version:
   Company:    Microsoft Corporation
   Product:    MicrosoftR WindowsR Operating System
   FileDesc:   DNS クライアント API DLL
   FileVer:    10.0.14393.953
   ProdVer:    10.0.14393.953

Module 40
C:\WINDOWS\SYSTEM32\AUDIOSES.DLL
Image Base: 0x704d0000  Image Size: 0x0007b000
File Size:  484584      File Time:  2017-03-04_165742
Version:
   Company:    Microsoft Corporation
   Product:    MicrosoftR WindowsR Operating System
   FileDesc:   オーディオ セッション
   FileVer:    10.0.14393.953
   ProdVer:    10.0.14393.953

Module 41
C:\WINDOWS\SYSTEM32\dhcpcsvc.DLL
Image Base: 0x70550000  Image Size: 0x00014000
File Size:  63488       File Time:  2016-07-16_204256
Version:
   Company:    Microsoft Corporation
   Product:    MicrosoftR WindowsR Operating System
   FileDesc:   DHCP クライアント サービス
   FileVer:    10.0.14393.0
   ProdVer:    10.0.14393.0

Module 42
C:\WINDOWS\SYSTEM32\dhcpcsvc6.DLL
Image Base: 0x70570000  Image Size: 0x00013000
File Size:  57344       File Time:  2016-07-16_204256
Version:
   Company:    Microsoft Corporation
   Product:    MicrosoftR WindowsR Operating System
   FileDesc:   DHCPv6 クライアント
   FileVer:    10.0.14393.0
   ProdVer:    10.0.14393.0

Module 43
C:\WINDOWS\SYSTEM32\MSWSOCK.dll
Image Base: 0x705a0000  Image Size: 0x0004e000
File Size:  306016      File Time:  2016-07-16_204256
Version:
   Company:    Microsoft Corporation
   Product:    MicrosoftR WindowsR Operating System
   FileDesc:   Microsoft Windows Sockets 2.0 サービス プロバイダー
   FileVer:    10.0.14393.0
   ProdVer:    10.0.14393.0

Module 44
C:\WINDOWS\System32\MMDevApi.dll
Image Base: 0x70a70000  Image Size: 0x00058000
File Size:  352760      File Time:  2017-03-04_154734
Version:
   Company:    Microsoft Corporation
   Product:    MicrosoftR WindowsR Operating System
   FileDesc:   MMDevice API
   FileVer:    10.0.14393.953
   ProdVer:    10.0.14393.953

Module 45
C:\WINDOWS\System32\DEVOBJ.dll
Image Base: 0x70ad0000  Image Size: 0x00022000
File Size:  132232      File Time:  2016-07-16_204256
Version:
   Company:    Microsoft Corporation
   Product:    MicrosoftR WindowsR Operating System
   FileDesc:   Device Information Set DLL
   FileVer:    10.0.14393.0
   ProdVer:    10.0.14393.0

Module 46
C:\WINDOWS\System32\winrnr.dll
Image Base: 0x70b00000  Image Size: 0x0000c000
File Size:  24064       File Time:  2016-07-16_204248
Version:
   Company:    Microsoft Corporation
   Product:    MicrosoftR WindowsR Operating System
   FileDesc:   LDAP RnR Provider DLL
   FileVer:    10.0.14393.0
   ProdVer:    10.0.14393.0

Module 47
C:\WINDOWS\system32\rsaenh.dll
Image Base: 0x70d00000  Image Size: 0x0002f000
File Size:  184416      File Time:  2016-07-16_204256
Version:
   Company:    Microsoft Corporation
   Product:    MicrosoftR WindowsR Operating System
   FileDesc:   Microsoft Enhanced Cryptographic Provider
   FileVer:    10.0.14393.0
   ProdVer:    10.0.14393.0

Module 48
C:\WINDOWS\SYSTEM32\CRYPTSP.dll
Image Base: 0x70d30000  Image Size: 0x00013000
File Size:  68720       File Time:  2016-07-16_204256
Version:
   Company:    Microsoft Corporation
   Product:    MicrosoftR WindowsR Operating System
   FileDesc:   Cryptographic Service Provider API
   FileVer:    10.0.14393.0
   ProdVer:    10.0.14393.0

Module 49
C:\WINDOWS\system32\NLAapi.dll
Image Base: 0x70d50000  Image Size: 0x00014000
File Size:  65024       File Time:  2016-07-16_204354
Version:
   Company:    Microsoft Corporation
   Product:    MicrosoftR WindowsR Operating System
   FileDesc:   Network Location Awareness 2
   FileVer:    10.0.14393.0
   ProdVer:    10.0.14393.0

Module 50
C:\WINDOWS\system32\pnrpnsp.dll
Image Base: 0x70d70000  Image Size: 0x00016000
File Size:  70656       File Time:  2016-07-16_204402
Version:
   Company:    Microsoft Corporation
   Product:    MicrosoftR WindowsR Operating System
   FileDesc:   PNRP 名前空間プロバイダー
   FileVer:    10.0.14393.0
   ProdVer:    10.0.14393.0

Module 51
C:\WINDOWS\system32\napinsp.dll
Image Base: 0x70d90000  Image Size: 0x00012000
File Size:  55808       File Time:  2016-07-16_204302
Version:
   Company:    Microsoft Corporation
   Product:    MicrosoftR WindowsR Operating System
   FileDesc:   電子メール ネーミング Shim プロバイダー
   FileVer:    10.0.14393.0
   ProdVer:    10.0.14393.0

Module 52
C:\WINDOWS\System32\fwpuclnt.dll
Image Base: 0x70e40000  Image Size: 0x00049000
File Size:  279040      File Time:  2016-07-16_204256
Version:
   Company:    Microsoft Corporation
   Product:    MicrosoftR WindowsR Operating System
   FileDesc:   FWP/IPsec ユーザー モード API
   FileVer:    10.0.14393.0
   ProdVer:    10.0.14393.0

Module 53
C:\WINDOWS\SYSTEM32\NTASN1.dll
Image Base: 0x70e90000  Image Size: 0x0002b000
File Size:  173008      File Time:  2016-07-16_204256
Version:
   Company:    Microsoft Corporation
   Product:    MicrosoftR WindowsR Operating System
   FileDesc:   Microsoft ASN.1 API
   FileVer:    10.0.14393.0
   ProdVer:    10.0.14393.0

Module 54
C:\Program Files (x86)\Bonjour\mdnsNSP.dll
Image Base: 0x70ef0000  Image Size: 0x00021000
File Size:  122128      File Time:  2015-08-12_160338
Version:
   Company:    Apple Inc.
   Product:    Bonjour
   FileDesc:   Bonjour Namespace Provider
   FileVer:    3.1.0.1
   ProdVer:    3.1.0.1

Module 55
C:\WINDOWS\SYSTEM32\ncrypt.dll
Image Base: 0x70f20000  Image Size: 0x00020000
File Size:  120384      File Time:  2016-07-16_204256
Version:
   Company:    Microsoft Corporation
   Product:    MicrosoftR WindowsR Operating System
   FileDesc:   Windows NCrypt ルーター
   FileVer:    10.0.14393.0
   ProdVer:    10.0.14393.0

Module 56
C:\WINDOWS\SYSTEM32\wer.dll
Image Base: 0x726f0000  Image Size: 0x0008f000
File Size:  576408      File Time:  2017-03-04_155140
Version:
   Company:    Microsoft Corporation
   Product:    MicrosoftR WindowsR Operating System
   FileDesc:   Windows エラー報告 DLL
   FileVer:    10.0.14393.953
   ProdVer:    10.0.14393.953

Module 57
C:\WINDOWS\SYSTEM32\iertutil.dll
Image Base: 0x72d10000  Image Size: 0x00229000
File Size:  2256080     File Time:  2017-03-04_155306
Version:
   Company:    Microsoft Corporation
   Product:    Internet Explorer
   FileDesc:   Internet Explorer 用ランタイム ユーティリティ
   FileVer:    11.0.14393.953
   ProdVer:    11.0.14393.953

Module 58
C:\WINDOWS\system32\dwmapi.dll
Image Base: 0x73100000  Image Size: 0x0001f000
File Size:  113504      File Time:  2016-12-29_160822
Version:
   Company:    Microsoft Corporation
   Product:    MicrosoftR WindowsR Operating System
   FileDesc:   Microsoft デスクトップ ウィンドウ マネージャー API
   FileVer:    10.0.14393.206
   ProdVer:    10.0.14393.206

Module 59
C:\WINDOWS\SYSTEM32\WINMMBASE.dll
Image Base: 0x73380000  Image Size: 0x00023000
File Size:  131208      File Time:  2016-07-16_204250
Version:
   Company:    Microsoft Corporation
   Product:    MicrosoftR WindowsR Operating System
   FileDesc:   Base Multimedia Extension API DLL
   FileVer:    10.0.14393.0
   ProdVer:    10.0.14393.0

Module 60
C:\WINDOWS\SYSTEM32\OLEACC.dll
Image Base: 0x733d0000  Image Size: 0x00054000
File Size:  325120      File Time:  2017-03-04_152022
Version:
   Company:    Microsoft Corporation
   Product:    MicrosoftR WindowsR Operating System
   FileDesc:   Active Accessibility Core Component
   FileVer:    7.2.14393.953
   ProdVer:    10.0.14393.953

Module 61
C:\WINDOWS\SYSTEM32\WINMM.dll
Image Base: 0x73440000  Image Size: 0x00024000
File Size:  135376      File Time:  2016-07-16_204250
Version:
   Company:    Microsoft Corporation
   Product:    MicrosoftR WindowsR Operating System
   FileDesc:   MCI API DLL
   FileVer:    10.0.14393.0
   ProdVer:    10.0.14393.0

Module 62
C:\WINDOWS\SYSTEM32\dbghelp.dll
Image Base: 0x738f0000  Image Size: 0x00145000
File Size:  1220608     File Time:  2016-07-16_204258
Version:
   Company:    Microsoft
   Product:    MicrosoftR WindowsR Operating System
   FileDesc:   Windows Image Helper
   FileVer:    10.0.14321.1024
   ProdVer:    10.0.14321.1024

Module 63
C:\WINDOWS\SYSTEM32\ntmarta.dll
Image Base: 0x73a40000  Image Size: 0x00028000
File Size:  154432      File Time:  2016-07-16_204256
Version:
   Company:    Microsoft Corporation
   Product:    MicrosoftR WindowsR Operating System
   FileDesc:   Windows NT MARTA プロバイダー
   FileVer:    10.0.14393.0
   ProdVer:    10.0.14393.0

Module 64
C:\WINDOWS\SYSTEM32\apphelp.dll
Image Base: 0x73ad0000  Image Size: 0x00092000
File Size:  581120      File Time:  2016-07-16_204246
Version:
   Company:    Microsoft Corporation
   Product:    MicrosoftR WindowsR Operating System
   FileDesc:   アプリケーションの互換性クライアント ライブラリ
   FileVer:    10.0.14393.0
   ProdVer:    10.0.14393.0

Module 65
C:\WINDOWS\system32\uxtheme.dll
Image Base: 0x73b70000  Image Size: 0x00075000
File Size:  457728      File Time:  2016-07-16_204306
Version:
   Company:    Microsoft Corporation
   Product:    MicrosoftR WindowsR Operating System
   FileDesc:   Microsoft UxTheme ライブラリ
   FileVer:    10.0.14393.0
   ProdVer:    10.0.14393.0

Module 66
C:\WINDOWS\System32\PROPSYS.dll
Image Base: 0x73bf0000  Image Size: 0x0014f000
File Size:  1375456     File Time:  2016-07-16_204256
Version:
   Company:    Microsoft Corporation
   Product:    WindowsR Search
   FileDesc:   Microsoft プロパティ システム
   FileVer:    7.0.14393.0
   ProdVer:    7.0.14393.0

Module 67
C:\WINDOWS\WinSxS\x86_microsoft.windows.common-controls_6595b64144ccf1df_6.0.14393.953_none_89c2555adb023171\comctl32.dll
Image Base: 0x73d90000  Image Size: 0x0020a000
File Size:  2121568     File Time:  2017-03-04_154648
Version:
   Company:    Microsoft Corporation
   Product:    MicrosoftR WindowsR Operating System
   FileDesc:   ユーザー エクスペリエンス コントロール ライブラリ
   FileVer:    6.10.14393.953
   ProdVer:    10.0.14393.953

Module 68
C:\WINDOWS\SYSTEM32\bcrypt.dll
Image Base: 0x74150000  Image Size: 0x0001b000
File Size:  106896      File Time:  2016-12-29_161638
Version:
   Company:    Microsoft Corporation
   Product:    MicrosoftR WindowsR Operating System
   FileDesc:   Windows 暗号化プリミティブ ライブラリ
   FileVer:    10.0.14393.576
   ProdVer:    10.0.14393.576

Module 69
C:\WINDOWS\SYSTEM32\WINHTTP.dll
Image Base: 0x74180000  Image Size: 0x000a0000
File Size:  636928      File Time:  2017-03-04_151630
Version:
   Company:    Microsoft Corporation
   Product:    MicrosoftR WindowsR Operating System
   FileDesc:   Windows HTTP サービス
   FileVer:    10.0.14393.953
   ProdVer:    10.0.14393.953

Module 70
C:\WINDOWS\SYSTEM32\IPHLPAPI.DLL
Image Base: 0x74220000  Image Size: 0x0002f000
File Size:  184416      File Time:  2017-03-04_160254
Version:
   Company:    Microsoft Corporation
   Product:    MicrosoftR WindowsR Operating System
   FileDesc:   IP ヘルパー API
   FileVer:    10.0.14393.953
   ProdVer:    10.0.14393.953

Module 71
C:\WINDOWS\SYSTEM32\VERSION.dll
Image Base: 0x746c0000  Image Size: 0x00008000
File Size:  27360       File Time:  2016-07-16_204306
Version:
   Company:    Microsoft Corporation
   Product:    MicrosoftR WindowsR Operating System
   FileDesc:   Version Checking and File Installation Libraries
   FileVer:    10.0.14393.0
   ProdVer:    10.0.14393.0

Module 72
C:\WINDOWS\System32\CRYPTBASE.dll
Image Base: 0x746f0000  Image Size: 0x0000a000
File Size:  31528       File Time:  2016-07-16_204250
Version:
   Company:    Microsoft Corporation
   Product:    MicrosoftR WindowsR Operating System
   FileDesc:   Base cryptographic API DLL
   FileVer:    10.0.14393.0
   ProdVer:    10.0.14393.0

Module 73
C:\WINDOWS\System32\SspiCli.dll
Image Base: 0x74700000  Image Size: 0x0001e000
File Size:  117240      File Time:  2016-12-29_161658
Version:
   Company:    Microsoft Corporation
   Product:    MicrosoftR WindowsR Operating System
   FileDesc:   Security Support Provider Interface
   FileVer:    10.0.14393.576
   ProdVer:    10.0.14393.576

Module 74
C:\WINDOWS\System32\windows.storage.dll
Image Base: 0x74720000  Image Size: 0x0056e000
File Size:  5722320     File Time:  2017-03-04_155320
Version:
   Company:    Microsoft Corporation
   Product:    MicrosoftR WindowsR Operating System
   FileDesc:   Microsoft WinRT ストレージ API
   FileVer:    10.0.14393.953
   ProdVer:    10.0.14393.953

Module 75
C:\WINDOWS\System32\CRYPT32.dll
Image Base: 0x74c90000  Image Size: 0x0017d000
File Size:  1556712     File Time:  2016-12-29_161638
Version:
   Company:    Microsoft Corporation
   Product:    MicrosoftR WindowsR Operating System
   FileDesc:   Crypto API32
   FileVer:    10.0.14393.351
   ProdVer:    10.0.14393.351

Module 76
C:\WINDOWS\System32\combase.dll
Image Base: 0x74e10000  Image Size: 0x00211000
File Size:  2166752     File Time:  2016-12-29_161638
Version:
   Company:    Microsoft Corporation
   Product:    MicrosoftR WindowsR Operating System
   FileDesc:   Windows 用 Microsoft COM
   FileVer:    10.0.14393.576
   ProdVer:    10.0.14393.576

Module 77
C:\WINDOWS\System32\IMM32.dll
Image Base: 0x75030000  Image Size: 0x00025000
File Size:  144632      File Time:  2016-07-16_204250
Version:
   Company:    Microsoft Corporation
   Product:    MicrosoftR WindowsR Operating System
   FileDesc:   Multi-User Windows IMM32 API Client DLL
   FileVer:    10.0.14393.0
   ProdVer:    10.0.14393.0

Module 78
C:\WINDOWS\System32\SHELL32.dll
Image Base: 0x75150000  Image Size: 0x013d9000
File Size:  20969928    File Time:  2017-03-04_154726
Version:
   Company:    Microsoft Corporation
   Product:    MicrosoftR WindowsR Operating System
   FileDesc:   Windows シェル共通 DLL
   FileVer:    10.0.14393.953
   ProdVer:    10.0.14393.953

Module 79
C:\WINDOWS\System32\SHLWAPI.dll
Image Base: 0x76530000  Image Size: 0x00046000
File Size:  284056      File Time:  2016-07-16_204304
Version:
   Company:    Microsoft Corporation
   Product:    MicrosoftR WindowsR Operating System
   FileDesc:   シェル ライトウェイト ユーティリティ ライブラリ
   FileVer:    10.0.14393.0
   ProdVer:    10.0.14393.0

Module 80
C:\WINDOWS\System32\ucrtbase.dll
Image Base: 0x76580000  Image Size: 0x000e0000
File Size:  918304      File Time:  2016-07-16_204256
Version:
   Company:    Microsoft Corporation
   Product:    MicrosoftR WindowsR Operating System
   FileDesc:   MicrosoftR C Runtime Library
   FileVer:    10.0.14393.0
   ProdVer:    10.0.14393.0

Module 81
C:\WINDOWS\System32\MSASN1.dll
Image Base: 0x76660000  Image Size: 0x0000e000
File Size:  49080       File Time:  2016-07-16_204256
Version:
   Company:    Microsoft Corporation
   Product:    MicrosoftR WindowsR Operating System
   FileDesc:   ASN.1 Runtime APIs
   FileVer:    10.0.14393.0
   ProdVer:    10.0.14393.0

Module 82
C:\WINDOWS\System32\RPCRT4.dll
Image Base: 0x76670000  Image Size: 0x000c1000
File Size:  790760      File Time:  2016-12-29_160840
Version:
   Company:    Microsoft Corporation
   Product:    MicrosoftR WindowsR Operating System
   FileDesc:   リモート プロシージャ コール ランタイム
   FileVer:    10.0.14393.82
   ProdVer:    10.0.14393.82

Module 83
C:\WINDOWS\System32\USER32.dll
Image Base: 0x76740000  Image Size: 0x0015f000
File Size:  1435896     File Time:  2016-12-29_161642
Version:
   Company:    Microsoft Corporation
   Product:    MicrosoftR WindowsR Operating System
   FileDesc:   マルチユーザー Windows ユーザー API クライアント DLL
   FileVer:    10.0.14393.576
   ProdVer:    10.0.14393.576

Module 84
C:\WINDOWS\System32\ADVAPI32.dll
Image Base: 0x768a0000  Image Size: 0x00077000
File Size:  482392      File Time:  2016-07-16_204250
Version:
   Company:    Microsoft Corporation
   Product:    MicrosoftR WindowsR Operating System
   FileDesc:   Advanced Windows 32 ベース API
   FileVer:    10.0.14393.0
   ProdVer:    10.0.14393.0

Module 85
C:\WINDOWS\System32\NSI.dll
Image Base: 0x76920000  Image Size: 0x00007000
File Size:  20152       File Time:  2016-07-16_204228
Version:
   Company:    Microsoft Corporation
   Product:    MicrosoftR WindowsR Operating System
   FileDesc:   NSI User-mode interface DLL
   FileVer:    10.0.14393.0
   ProdVer:    10.0.14393.0

Module 86
C:\WINDOWS\System32\cfgmgr32.dll
Image Base: 0x76980000  Image Size: 0x00036000
File Size:  213848      File Time:  2016-07-16_204256
Version:
   Company:    Microsoft Corporation
   Product:    MicrosoftR WindowsR Operating System
   FileDesc:   Configuration Manager DLL
   FileVer:    10.0.14393.0
   ProdVer:    10.0.14393.0

Module 87
C:\WINDOWS\System32\KERNELBASE.dll
Image Base: 0x769c0000  Image Size: 0x001a1000
File Size:  1706488     File Time:  2017-03-04_160638
Version:
   Company:    Microsoft Corporation
   Product:    MicrosoftR WindowsR Operating System
   FileDesc:   Windows NT ベース API クライアント DLL
   FileVer:    10.0.14393.953
   ProdVer:    10.0.14393.953

Module 88
C:\WINDOWS\System32\gdi32full.dll
Image Base: 0x76b70000  Image Size: 0x0015b000
File Size:  1415240     File Time:  2017-03-04_154240
Version:
   Company:    Microsoft Corporation
   Product:    MicrosoftR WindowsR Operating System
   FileDesc:   GDI Client DLL
   FileVer:    10.0.14393.953
   ProdVer:    10.0.14393.953

Module 89
C:\WINDOWS\System32\sechost.dll
Image Base: 0x76d30000  Image Size: 0x00041000
File Size:  255168      File Time:  2016-07-16_204250
Version:
   Company:    Microsoft Corporation
   Product:    MicrosoftR WindowsR Operating System
   FileDesc:   Host for SCM/SDDL/LSA Lookup APIs
   FileVer:    10.0.14393.0
   ProdVer:    10.0.14393.0

Module 90
C:\WINDOWS\System32\kernel.appcore.dll
Image Base: 0x76d80000  Image Size: 0x0000d000
File Size:  43416       File Time:  2016-07-16_204256
Version:
   Company:    Microsoft Corporation
   Product:    MicrosoftR WindowsR Operating System
   FileDesc:   AppModel API Host
   FileVer:    10.0.14393.0
   ProdVer:    10.0.14393.0

Module 91
C:\WINDOWS\System32\ole32.dll
Image Base: 0x76d90000  Image Size: 0x000ea000
File Size:  959112      File Time:  2016-12-29_161658
Version:
   Company:    Microsoft Corporation
   Product:    MicrosoftR WindowsR Operating System
   FileDesc:   Windows 用 Microsoft OLE
   FileVer:    10.0.14393.576
   ProdVer:    10.0.14393.576

Module 92
C:\WINDOWS\System32\powrprof.dll
Image Base: 0x76ea0000  Image Size: 0x00045000
File Size:  275832      File Time:  2016-07-16_204256
Version:
   Company:    Microsoft Corporation
   Product:    MicrosoftR WindowsR Operating System
   FileDesc:   電源プロファイル ヘルパー DLL
   FileVer:    10.0.14393.0
   ProdVer:    10.0.14393.0

Module 93
C:\WINDOWS\System32\msvcrt.dll
Image Base: 0x76ef0000  Image Size: 0x000be000
File Size:  773168      File Time:  2016-07-16_204250
Version:
   Company:    Microsoft Corporation
   Product:    MicrosoftR WindowsR Operating System
   FileDesc:   Windows NT CRT DLL
   FileVer:    7.0.14393.0
   ProdVer:    10.0.14393.0

Module 94
C:\WINDOWS\System32\KERNEL32.DLL
Image Base: 0x76fb0000  Image Size: 0x000e0000
File Size:  616048      File Time:  2016-07-16_204246
Version:
   Company:    Microsoft Corporation
   Product:    MicrosoftR WindowsR Operating System
   FileDesc:   Windows NT ベース API クライアント DLL
   FileVer:    10.0.14393.0
   ProdVer:    10.0.14393.0

Module 95
C:\WINDOWS\System32\SETUPAPI.dll
Image Base: 0x77200000  Image Size: 0x0040b000
File Size:  4268368     File Time:  2016-07-16_204246
Version:
   Company:    Microsoft Corporation
   Product:    MicrosoftR WindowsR Operating System
   FileDesc:   Windows セットアップ API
   FileVer:    10.0.14393.0
   ProdVer:    10.0.14393.0

Module 96
C:\WINDOWS\System32\WS2_32.dll
Image Base: 0x77610000  Image Size: 0x00063000
File Size:  402352      File Time:  2016-12-29_160840
Version:
   Company:    Microsoft Corporation
   Product:    MicrosoftR WindowsR Operating System
   FileDesc:   Windows Socket 2.0 32 ビット DLL
   FileVer:    10.0.14393.206
   ProdVer:    10.0.14393.206

Module 97
C:\WINDOWS\System32\msvcp_win.dll
Image Base: 0x77680000  Image Size: 0x0007b000
File Size:  498408      File Time:  2016-07-16_204256
Version:
   Company:    Microsoft Corporation
   Product:    MicrosoftR WindowsR Operating System
   FileDesc:   MicrosoftR C Runtime Library
   FileVer:    10.0.14393.0
   ProdVer:    10.0.14393.0

Module 98
C:\WINDOWS\System32\win32u.dll
Image Base: 0x77700000  Image Size: 0x00015000
File Size:  79536       File Time:  2016-12-29_160822
Version:
   Company:    Microsoft Corporation
   Product:    MicrosoftR WindowsR Operating System
   FileDesc:   Win32u
   FileVer:    10.0.14393.51
   ProdVer:    10.0.14393.51

Module 99
C:\WINDOWS\System32\GDI32.dll
Image Base: 0x777e0000  Image Size: 0x0002b000
File Size:  170960      File Time:  2016-12-29_160824
Version:
   Company:    Microsoft Corporation
   Product:    MicrosoftR WindowsR Operating System
   FileDesc:   GDI Client DLL
   FileVer:    10.0.14393.206
   ProdVer:    10.0.14393.206

Module 100
C:\WINDOWS\System32\clbcatq.dll
Image Base: 0x77810000  Image Size: 0x00084000
File Size:  528360      File Time:  2016-07-16_204248
Version:
   Company:    Microsoft Corporation
   Product:    MicrosoftR WindowsR Operating System
   FileDesc:   COM+ Configuration Catalog
   FileVer:    2001.12.10941.16384
   ProdVer:    10.0.14393.0

Module 101
C:\WINDOWS\System32\MSCTF.dll
Image Base: 0x778a0000  Image Size: 0x00135000
File Size:  1260784     File Time:  2017-03-04_154230
Version:
   Company:    Microsoft Corporation
   Product:    MicrosoftR WindowsR Operating System
   FileDesc:   MSCTF サーバー DLL
   FileVer:    10.0.14393.953
   ProdVer:    10.0.14393.953

Module 102
C:\WINDOWS\System32\shcore.dll
Image Base: 0x77a80000  Image Size: 0x00088000
File Size:  549088      File Time:  2017-03-04_155300
Version:
   Company:    Microsoft Corporation
   Product:    MicrosoftR WindowsR Operating System
   FileDesc:   SHCORE
   FileVer:    10.0.14393.953
   ProdVer:    10.0.14393.953

Module 103
C:\WINDOWS\System32\bcryptPrimitives.dll
Image Base: 0x77c00000  Image Size: 0x0005a000
File Size:  367208      File Time:  2016-07-16_204228
Version:
   Company:    Microsoft Corporation
   Product:    MicrosoftR WindowsR Operating System
   FileDesc:   Windows Cryptographic Primitives Library
   FileVer:    10.0.14393.0
   ProdVer:    10.0.14393.0

Module 104
C:\WINDOWS\System32\OLEAUT32.dll
Image Base: 0x77c60000  Image Size: 0x00094000
File Size:  601712      File Time:  2016-12-29_161638
Version:
   Company:    Microsoft Corporation
   Product:    MicrosoftR WindowsR Operating System
   FileDesc:   OLEAUT32.DLL
   FileVer:    10.0.14393.447
   ProdVer:    10.0.14393.447

Module 105
C:\WINDOWS\System32\profapi.dll
Image Base: 0x77d00000  Image Size: 0x0000f000
File Size:  54752       File Time:  2016-07-16_204250
Version:
   Company:    Microsoft Corporation
   Product:    MicrosoftR WindowsR Operating System
   FileDesc:   User Profile Basic API
   FileVer:    10.0.14393.0
   ProdVer:    10.0.14393.0

Module 106
C:\WINDOWS\System32\PSAPI.DLL
Image Base: 0x77d20000  Image Size: 0x00006000
File Size:  17048       File Time:  2016-07-16_204246
Version:
   Company:    Microsoft Corporation
   Product:    MicrosoftR WindowsR Operating System
   FileDesc:   Process Status Helper
   FileVer:    10.0.14393.0
   ProdVer:    10.0.14393.0

Module 107
C:\WINDOWS\SYSTEM32\ntdll.dll
Image Base: 0x77d30000  Image Size: 0x00183000
File Size:  1572768     File Time:  2016-12-29_161700
Version:
   Company:    Microsoft Corporation
   Product:    MicrosoftR WindowsR Operating System
   FileDesc:   NT レイヤー DLL
   FileVer:    10.0.14393.479
   ProdVer:    10.0.14393.479


== [end of error.log] ==
